mode: atomic
github.com/MohamedElashri/snipo/internal/repository/folder_repo.go:17.56,19.2 1 16
github.com/MohamedElashri/snipo/internal/repository/folder_repo.go:22.107,24.16 2 22
github.com/MohamedElashri/snipo/internal/repository/folder_repo.go:24.16,26.3 1 21
github.com/MohamedElashri/snipo/internal/repository/folder_repo.go:28.2,43.16 4 22
github.com/MohamedElashri/snipo/internal/repository/folder_repo.go:43.16,45.3 1 0
github.com/MohamedElashri/snipo/internal/repository/folder_repo.go:47.2,47.20 1 22
github.com/MohamedElashri/snipo/internal/repository/folder_repo.go:51.91,63.16 4 3
github.com/MohamedElashri/snipo/internal/repository/folder_repo.go:63.16,64.27 1 2
github.com/MohamedElashri/snipo/internal/repository/folder_repo.go:64.27,66.4 1 2
github.com/MohamedElashri/snipo/internal/repository/folder_repo.go:67.3,67.58 1 0
github.com/MohamedElashri/snipo/internal/repository/folder_repo.go:70.2,70.20 1 1
github.com/MohamedElashri/snipo/internal/repository/folder_repo.go:74.79,85.16 3 2
github.com/MohamedElashri/snipo/internal/repository/folder_repo.go:85.16,87.3 1 0
github.com/MohamedElashri/snipo/internal/repository/folder_repo.go:88.2,91.18 3 2
github.com/MohamedElashri/snipo/internal/repository/folder_repo.go:91.18,101.17 2 7
github.com/MohamedElashri/snipo/internal/repository/folder_repo.go:101.17,103.4 1 0
github.com/MohamedElashri/snipo/internal/repository/folder_repo.go:104.3,104.36 1 7
github.com/MohamedElashri/snipo/internal/repository/folder_repo.go:107.2,107.35 1 2
github.com/MohamedElashri/snipo/internal/repository/folder_repo.go:107.35,109.3 1 0
github.com/MohamedElashri/snipo/internal/repository/folder_repo.go:111.2,111.21 1 2
github.com/MohamedElashri/snipo/internal/repository/folder_repo.go:115.83,117.16 2 1
github.com/MohamedElashri/snipo/internal/repository/folder_repo.go:117.16,119.3 1 0
github.com/MohamedElashri/snipo/internal/repository/folder_repo.go:122.2,122.38 1 1
github.com/MohamedElashri/snipo/internal/repository/folder_repo.go:126.63,129.25 2 1
github.com/MohamedElashri/snipo/internal/repository/folder_repo.go:129.25,132.3 2 4
github.com/MohamedElashri/snipo/internal/repository/folder_repo.go:135.2,136.25 2 1
github.com/MohamedElashri/snipo/internal/repository/folder_repo.go:136.25,137.33 1 4
github.com/MohamedElashri/snipo/internal/repository/folder_repo.go:137.33,139.4 1 2
github.com/MohamedElashri/snipo/internal/repository/folder_repo.go:139.9,141.14 2 2
github.com/MohamedElashri/snipo/internal/repository/folder_repo.go:141.14,143.5 1 2
github.com/MohamedElashri/snipo/internal/repository/folder_repo.go:143.10,146.5 1 0
github.com/MohamedElashri/snipo/internal/repository/folder_repo.go:151.2,151.23 1 1
github.com/MohamedElashri/snipo/internal/repository/folder_repo.go:151.23,152.55 1 2
github.com/MohamedElashri/snipo/internal/repository/folder_repo.go:152.55,154.4 1 2
github.com/MohamedElashri/snipo/internal/repository/folder_repo.go:157.2,157.14 1 1
github.com/MohamedElashri/snipo/internal/repository/folder_repo.go:161.117,163.16 2 2
github.com/MohamedElashri/snipo/internal/repository/folder_repo.go:163.16,165.3 1 1
github.com/MohamedElashri/snipo/internal/repository/folder_repo.go:167.2,183.16 4 2
github.com/MohamedElashri/snipo/internal/repository/folder_repo.go:183.16,184.27 1 1
github.com/MohamedElashri/snipo/internal/repository/folder_repo.go:184.27,186.4 1 1
github.com/MohamedElashri/snipo/internal/repository/folder_repo.go:187.3,187.61 1 0
github.com/MohamedElashri/snipo/internal/repository/folder_repo.go:190.2,190.20 1 1
github.com/MohamedElashri/snipo/internal/repository/folder_repo.go:194.72,196.16 2 2
github.com/MohamedElashri/snipo/internal/repository/folder_repo.go:196.16,198.3 1 0
github.com/MohamedElashri/snipo/internal/repository/folder_repo.go:200.2,201.16 2 2
github.com/MohamedElashri/snipo/internal/repository/folder_repo.go:201.16,203.3 1 0
github.com/MohamedElashri/snipo/internal/repository/folder_repo.go:205.2,205.15 1 2
github.com/MohamedElashri/snipo/internal/repository/folder_repo.go:205.15,207.3 1 1
github.com/MohamedElashri/snipo/internal/repository/folder_repo.go:209.2,209.12 1 1
github.com/MohamedElashri/snipo/internal/repository/folder_repo.go:213.108,215.24 1 3
github.com/MohamedElashri/snipo/internal/repository/folder_repo.go:215.24,216.73 1 2
github.com/MohamedElashri/snipo/internal/repository/folder_repo.go:216.73,218.4 1 1
github.com/MohamedElashri/snipo/internal/repository/folder_repo.go:221.2,237.16 4 2
github.com/MohamedElashri/snipo/internal/repository/folder_repo.go:237.16,238.27 1 0
github.com/MohamedElashri/snipo/internal/repository/folder_repo.go:238.27,240.4 1 0
github.com/MohamedElashri/snipo/internal/repository/folder_repo.go:241.3,241.59 1 0
github.com/MohamedElashri/snipo/internal/repository/folder_repo.go:244.2,244.20 1 2
github.com/MohamedElashri/snipo/internal/repository/folder_repo.go:248.107,251.6 2 2
github.com/MohamedElashri/snipo/internal/repository/folder_repo.go:251.6,254.17 3 2
github.com/MohamedElashri/snipo/internal/repository/folder_repo.go:254.17,255.28 1 0
github.com/MohamedElashri/snipo/internal/repository/folder_repo.go:255.28,257.5 1 0
github.com/MohamedElashri/snipo/internal/repository/folder_repo.go:258.4,258.68 1 0
github.com/MohamedElashri/snipo/internal/repository/folder_repo.go:261.3,261.22 1 2
github.com/MohamedElashri/snipo/internal/repository/folder_repo.go:261.22,263.4 1 1
github.com/MohamedElashri/snipo/internal/repository/folder_repo.go:265.3,265.28 1 1
github.com/MohamedElashri/snipo/internal/repository/folder_repo.go:265.28,267.4 1 1
github.com/MohamedElashri/snipo/internal/repository/folder_repo.go:269.3,269.24 1 0
github.com/MohamedElashri/snipo/internal/repository/folder_repo.go:274.100,280.16 3 1
github.com/MohamedElashri/snipo/internal/repository/folder_repo.go:280.16,282.3 1 0
github.com/MohamedElashri/snipo/internal/repository/folder_repo.go:283.2,283.19 1 1
github.com/MohamedElashri/snipo/internal/repository/folder_repo.go:287.110,297.16 3 2
github.com/MohamedElashri/snipo/internal/repository/folder_repo.go:297.16,299.3 1 0
github.com/MohamedElashri/snipo/internal/repository/folder_repo.go:300.2,303.18 3 2
github.com/MohamedElashri/snipo/internal/repository/folder_repo.go:303.18,312.17 2 1
github.com/MohamedElashri/snipo/internal/repository/folder_repo.go:312.17,314.4 1 0
github.com/MohamedElashri/snipo/internal/repository/folder_repo.go:315.3,315.36 1 1
github.com/MohamedElashri/snipo/internal/repository/folder_repo.go:318.2,318.21 1 2
github.com/MohamedElashri/snipo/internal/repository/folder_repo.go:322.107,324.16 2 8
github.com/MohamedElashri/snipo/internal/repository/folder_repo.go:324.16,326.3 1 0
github.com/MohamedElashri/snipo/internal/repository/folder_repo.go:327.2,331.16 3 8
github.com/MohamedElashri/snipo/internal/repository/folder_repo.go:331.16,333.3 1 0
github.com/MohamedElashri/snipo/internal/repository/folder_repo.go:336.2,336.21 1 8
github.com/MohamedElashri/snipo/internal/repository/folder_repo.go:336.21,341.17 2 7
github.com/MohamedElashri/snipo/internal/repository/folder_repo.go:341.17,343.4 1 0
github.com/MohamedElashri/snipo/internal/repository/folder_repo.go:346.2,346.36 1 8
github.com/MohamedElashri/snipo/internal/repository/folder_repo.go:346.36,348.3 1 0
github.com/MohamedElashri/snipo/internal/repository/folder_repo.go:350.2,350.12 1 8
github.com/MohamedElashri/snipo/internal/repository/snippet_file_repo.go:17.66,19.2 1 0
github.com/MohamedElashri/snipo/internal/repository/snippet_file_repo.go:22.117,31.16 3 0
github.com/MohamedElashri/snipo/internal/repository/snippet_file_repo.go:31.16,33.3 1 0
github.com/MohamedElashri/snipo/internal/repository/snippet_file_repo.go:34.2,37.18 3 0
github.com/MohamedElashri/snipo/internal/repository/snippet_file_repo.go:37.18,48.17 2 0
github.com/MohamedElashri/snipo/internal/repository/snippet_file_repo.go:48.17,50.4 1 0
github.com/MohamedElashri/snipo/internal/repository/snippet_file_repo.go:51.3,51.27 1 0
github.com/MohamedElashri/snipo/internal/repository/snippet_file_repo.go:54.2,54.19 1 0
github.com/MohamedElashri/snipo/internal/repository/snippet_file_repo.go:58.154,82.16 4 0
github.com/MohamedElashri/snipo/internal/repository/snippet_file_repo.go:82.16,84.3 1 0
github.com/MohamedElashri/snipo/internal/repository/snippet_file_repo.go:86.2,86.16 1 0
github.com/MohamedElashri/snipo/internal/repository/snippet_file_repo.go:90.136,115.16 4 0
github.com/MohamedElashri/snipo/internal/repository/snippet_file_repo.go:115.16,117.3 1 0
github.com/MohamedElashri/snipo/internal/repository/snippet_file_repo.go:119.2,119.16 1 0
github.com/MohamedElashri/snipo/internal/repository/snippet_file_repo.go:123.81,125.16 2 0
github.com/MohamedElashri/snipo/internal/repository/snippet_file_repo.go:125.16,127.3 1 0
github.com/MohamedElashri/snipo/internal/repository/snippet_file_repo.go:128.2,128.12 1 0
github.com/MohamedElashri/snipo/internal/repository/snippet_file_repo.go:132.96,134.16 2 0
github.com/MohamedElashri/snipo/internal/repository/snippet_file_repo.go:134.16,136.3 1 0
github.com/MohamedElashri/snipo/internal/repository/snippet_file_repo.go:137.2,137.12 1 0
github.com/MohamedElashri/snipo/internal/repository/snippet_file_repo.go:141.145,144.16 2 0
github.com/MohamedElashri/snipo/internal/repository/snippet_file_repo.go:144.16,146.3 1 0
github.com/MohamedElashri/snipo/internal/repository/snippet_file_repo.go:149.2,150.29 2 0
github.com/MohamedElashri/snipo/internal/repository/snippet_file_repo.go:150.29,152.3 1 0
github.com/MohamedElashri/snipo/internal/repository/snippet_file_repo.go:155.2,158.29 3 0
github.com/MohamedElashri/snipo/internal/repository/snippet_file_repo.go:158.29,159.18 1 0
github.com/MohamedElashri/snipo/internal/repository/snippet_file_repo.go:159.18,163.18 3 0
github.com/MohamedElashri/snipo/internal/repository/snippet_file_repo.go:163.18,165.5 1 0
github.com/MohamedElashri/snipo/internal/repository/snippet_file_repo.go:166.4,166.37 1 0
github.com/MohamedElashri/snipo/internal/repository/snippet_file_repo.go:167.9,170.18 2 0
github.com/MohamedElashri/snipo/internal/repository/snippet_file_repo.go:170.18,172.5 1 0
github.com/MohamedElashri/snipo/internal/repository/snippet_file_repo.go:173.4,173.37 1 0
github.com/MohamedElashri/snipo/internal/repository/snippet_file_repo.go:178.2,178.30 1 0
github.com/MohamedElashri/snipo/internal/repository/snippet_file_repo.go:178.30,179.20 1 0
github.com/MohamedElashri/snipo/internal/repository/snippet_file_repo.go:179.20,180.44 1 0
github.com/MohamedElashri/snipo/internal/repository/snippet_file_repo.go:180.44,182.5 1 0
github.com/MohamedElashri/snipo/internal/repository/snippet_file_repo.go:186.2,186.20 1 0
github.com/MohamedElashri/snipo/internal/repository/snippet_repo.go:18.58,20.2 1 20
github.com/MohamedElashri/snipo/internal/repository/snippet_repo.go:23.110,53.16 4 43
github.com/MohamedElashri/snipo/internal/repository/snippet_repo.go:53.16,55.3 1 0
github.com/MohamedElashri/snipo/internal/repository/snippet_repo.go:57.2,57.21 1 43
github.com/MohamedElashri/snipo/internal/repository/snippet_repo.go:61.94,85.26 4 4
github.com/MohamedElashri/snipo/internal/repository/snippet_repo.go:85.26,87.3 1 2
github.com/MohamedElashri/snipo/internal/repository/snippet_repo.go:88.2,88.16 1 2
github.com/MohamedElashri/snipo/internal/repository/snippet_repo.go:88.16,90.3 1 0
github.com/MohamedElashri/snipo/internal/repository/snippet_repo.go:92.2,92.21 1 2
github.com/MohamedElashri/snipo/internal/repository/snippet_repo.go:96.121,128.26 4 2
github.com/MohamedElashri/snipo/internal/repository/snippet_repo.go:128.26,130.3 1 1
github.com/MohamedElashri/snipo/internal/repository/snippet_repo.go:131.2,131.16 1 1
github.com/MohamedElashri/snipo/internal/repository/snippet_repo.go:131.16,133.3 1 0
github.com/MohamedElashri/snipo/internal/repository/snippet_repo.go:135.2,135.21 1 1
github.com/MohamedElashri/snipo/internal/repository/snippet_repo.go:139.74,142.16 2 2
github.com/MohamedElashri/snipo/internal/repository/snippet_repo.go:142.16,144.3 1 0
github.com/MohamedElashri/snipo/internal/repository/snippet_repo.go:145.2,154.16 6 2
github.com/MohamedElashri/snipo/internal/repository/snippet_repo.go:154.16,156.3 1 0
github.com/MohamedElashri/snipo/internal/repository/snippet_repo.go:158.2,159.16 2 2
github.com/MohamedElashri/snipo/internal/repository/snippet_repo.go:159.16,161.3 1 0
github.com/MohamedElashri/snipo/internal/repository/snippet_repo.go:163.2,163.15 1 2
github.com/MohamedElashri/snipo/internal/repository/snippet_repo.go:163.15,165.3 1 1
github.com/MohamedElashri/snipo/internal/repository/snippet_repo.go:167.2,167.36 1 1
github.com/MohamedElashri/snipo/internal/repository/snippet_repo.go:167.36,169.3 1 0
github.com/MohamedElashri/snipo/internal/repository/snippet_repo.go:171.2,171.12 1 1
github.com/MohamedElashri/snipo/internal/repository/snippet_repo.go:175.121,181.24 3 4
github.com/MohamedElashri/snipo/internal/repository/snippet_repo.go:181.24,184.30 2 0
github.com/MohamedElashri/snipo/internal/repository/snippet_repo.go:184.30,188.4 3 0
github.com/MohamedElashri/snipo/internal/repository/snippet_repo.go:191.2,191.27 1 4
github.com/MohamedElashri/snipo/internal/repository/snippet_repo.go:191.27,194.3 2 1
github.com/MohamedElashri/snipo/internal/repository/snippet_repo.go:196.2,196.30 1 4
github.com/MohamedElashri/snipo/internal/repository/snippet_repo.go:196.30,198.25 2 1
github.com/MohamedElashri/snipo/internal/repository/snippet_repo.go:198.25,200.4 1 1
github.com/MohamedElashri/snipo/internal/repository/snippet_repo.go:200.9,202.4 1 0
github.com/MohamedElashri/snipo/internal/repository/snippet_repo.go:205.2,205.28 1 4
github.com/MohamedElashri/snipo/internal/repository/snippet_repo.go:205.28,207.23 2 0
github.com/MohamedElashri/snipo/internal/repository/snippet_repo.go:207.23,209.4 1 0
github.com/MohamedElashri/snipo/internal/repository/snippet_repo.go:209.9,211.4 1 0
github.com/MohamedElashri/snipo/internal/repository/snippet_repo.go:215.2,215.22 1 4
github.com/MohamedElashri/snipo/internal/repository/snippet_repo.go:215.22,218.3 2 0
github.com/MohamedElashri/snipo/internal/repository/snippet_repo.go:221.2,221.25 1 4
github.com/MohamedElashri/snipo/internal/repository/snippet_repo.go:221.25,224.3 2 0
github.com/MohamedElashri/snipo/internal/repository/snippet_repo.go:226.2,227.25 2 4
github.com/MohamedElashri/snipo/internal/repository/snippet_repo.go:227.25,229.3 1 2
github.com/MohamedElashri/snipo/internal/repository/snippet_repo.go:232.2,234.84 3 4
github.com/MohamedElashri/snipo/internal/repository/snippet_repo.go:234.84,236.3 1 0
github.com/MohamedElashri/snipo/internal/repository/snippet_repo.go:239.2,245.38 2 4
github.com/MohamedElashri/snipo/internal/repository/snippet_repo.go:245.38,247.3 1 0
github.com/MohamedElashri/snipo/internal/repository/snippet_repo.go:249.2,250.48 2 4
github.com/MohamedElashri/snipo/internal/repository/snippet_repo.go:250.48,252.3 1 1
github.com/MohamedElashri/snipo/internal/repository/snippet_repo.go:255.2,270.16 5 4
github.com/MohamedElashri/snipo/internal/repository/snippet_repo.go:270.16,272.3 1 0
github.com/MohamedElashri/snipo/internal/repository/snippet_repo.go:273.2,276.18 3 4
github.com/MohamedElashri/snipo/internal/repository/snippet_repo.go:276.18,291.17 2 11
github.com/MohamedElashri/snipo/internal/repository/snippet_repo.go:291.17,293.4 1 0
github.com/MohamedElashri/snipo/internal/repository/snippet_repo.go:294.3,294.33 1 11
github.com/MohamedElashri/snipo/internal/repository/snippet_repo.go:297.2,297.35 1 4
github.com/MohamedElashri/snipo/internal/repository/snippet_repo.go:297.35,299.3 1 0
github.com/MohamedElashri/snipo/internal/repository/snippet_repo.go:302.2,303.28 2 4
github.com/MohamedElashri/snipo/internal/repository/snippet_repo.go:303.28,305.3 1 4
github.com/MohamedElashri/snipo/internal/repository/snippet_repo.go:307.2,315.8 1 4
github.com/MohamedElashri/snipo/internal/repository/snippet_repo.go:319.101,344.26 4 3
github.com/MohamedElashri/snipo/internal/repository/snippet_repo.go:344.26,346.3 1 0
github.com/MohamedElashri/snipo/internal/repository/snippet_repo.go:347.2,347.16 1 3
github.com/MohamedElashri/snipo/internal/repository/snippet_repo.go:347.16,349.3 1 0
github.com/MohamedElashri/snipo/internal/repository/snippet_repo.go:351.2,351.21 1 3
github.com/MohamedElashri/snipo/internal/repository/snippet_repo.go:355.86,357.16 2 1
github.com/MohamedElashri/snipo/internal/repository/snippet_repo.go:357.16,359.3 1 0
github.com/MohamedElashri/snipo/internal/repository/snippet_repo.go:360.2,360.12 1 1
github.com/MohamedElashri/snipo/internal/repository/snippet_repo.go:364.108,365.16 1 1
github.com/MohamedElashri/snipo/internal/repository/snippet_repo.go:365.16,367.3 1 0
github.com/MohamedElashri/snipo/internal/repository/snippet_repo.go:369.2,380.16 3 1
github.com/MohamedElashri/snipo/internal/repository/snippet_repo.go:380.16,382.3 1 0
github.com/MohamedElashri/snipo/internal/repository/snippet_repo.go:383.2,386.18 3 1
github.com/MohamedElashri/snipo/internal/repository/snippet_repo.go:386.18,401.17 2 2
github.com/MohamedElashri/snipo/internal/repository/snippet_repo.go:401.17,403.4 1 0
github.com/MohamedElashri/snipo/internal/repository/snippet_repo.go:404.3,404.33 1 2
github.com/MohamedElashri/snipo/internal/repository/snippet_repo.go:407.2,407.29 1 1
github.com/MohamedElashri/snipo/internal/repository/tag_repo.go:17.50,19.2 1 14
github.com/MohamedElashri/snipo/internal/repository/tag_repo.go:22.98,36.16 4 11
github.com/MohamedElashri/snipo/internal/repository/tag_repo.go:36.16,38.3 1 1
github.com/MohamedElashri/snipo/internal/repository/tag_repo.go:40.2,40.17 1 10
github.com/MohamedElashri/snipo/internal/repository/tag_repo.go:44.85,54.16 4 3
github.com/MohamedElashri/snipo/internal/repository/tag_repo.go:54.16,55.27 1 2
github.com/MohamedElashri/snipo/internal/repository/tag_repo.go:55.27,57.4 1 2
github.com/MohamedElashri/snipo/internal/repository/tag_repo.go:58.3,58.55 1 0
github.com/MohamedElashri/snipo/internal/repository/tag_repo.go:61.2,61.17 1 1
github.com/MohamedElashri/snipo/internal/repository/tag_repo.go:65.90,75.16 4 2
github.com/MohamedElashri/snipo/internal/repository/tag_repo.go:75.16,76.27 1 1
github.com/MohamedElashri/snipo/internal/repository/tag_repo.go:76.27,78.4 1 1
github.com/MohamedElashri/snipo/internal/repository/tag_repo.go:79.3,79.63 1 0
github.com/MohamedElashri/snipo/internal/repository/tag_repo.go:82.2,82.17 1 1
github.com/MohamedElashri/snipo/internal/repository/tag_repo.go:86.73,97.16 3 1
github.com/MohamedElashri/snipo/internal/repository/tag_repo.go:97.16,99.3 1 0
github.com/MohamedElashri/snipo/internal/repository/tag_repo.go:100.2,103.18 3 1
github.com/MohamedElashri/snipo/internal/repository/tag_repo.go:103.18,105.102 2 3
github.com/MohamedElashri/snipo/internal/repository/tag_repo.go:105.102,107.4 1 0
github.com/MohamedElashri/snipo/internal/repository/tag_repo.go:108.3,108.27 1 3
github.com/MohamedElashri/snipo/internal/repository/tag_repo.go:111.2,111.35 1 1
github.com/MohamedElashri/snipo/internal/repository/tag_repo.go:111.35,113.3 1 0
github.com/MohamedElashri/snipo/internal/repository/tag_repo.go:115.2,115.18 1 1
github.com/MohamedElashri/snipo/internal/repository/tag_repo.go:119.108,134.16 4 2
github.com/MohamedElashri/snipo/internal/repository/tag_repo.go:134.16,135.27 1 1
github.com/MohamedElashri/snipo/internal/repository/tag_repo.go:135.27,137.4 1 1
github.com/MohamedElashri/snipo/internal/repository/tag_repo.go:138.3,138.58 1 0
github.com/MohamedElashri/snipo/internal/repository/tag_repo.go:141.2,141.17 1 1
github.com/MohamedElashri/snipo/internal/repository/tag_repo.go:145.69,147.16 2 2
github.com/MohamedElashri/snipo/internal/repository/tag_repo.go:147.16,149.3 1 0
github.com/MohamedElashri/snipo/internal/repository/tag_repo.go:151.2,152.16 2 2
github.com/MohamedElashri/snipo/internal/repository/tag_repo.go:152.16,154.3 1 0
github.com/MohamedElashri/snipo/internal/repository/tag_repo.go:156.2,156.15 1 2
github.com/MohamedElashri/snipo/internal/repository/tag_repo.go:156.15,158.3 1 1
github.com/MohamedElashri/snipo/internal/repository/tag_repo.go:160.2,160.12 1 1
github.com/MohamedElashri/snipo/internal/repository/tag_repo.go:164.101,174.16 3 2
github.com/MohamedElashri/snipo/internal/repository/tag_repo.go:174.16,176.3 1 0
github.com/MohamedElashri/snipo/internal/repository/tag_repo.go:177.2,180.18 3 2
github.com/MohamedElashri/snipo/internal/repository/tag_repo.go:180.18,182.83 2 4
github.com/MohamedElashri/snipo/internal/repository/tag_repo.go:182.83,184.4 1 0
github.com/MohamedElashri/snipo/internal/repository/tag_repo.go:185.3,185.27 1 4
github.com/MohamedElashri/snipo/internal/repository/tag_repo.go:188.2,188.18 1 2
github.com/MohamedElashri/snipo/internal/repository/tag_repo.go:192.104,194.16 2 6
github.com/MohamedElashri/snipo/internal/repository/tag_repo.go:194.16,196.3 1 0
github.com/MohamedElashri/snipo/internal/repository/tag_repo.go:197.2,201.16 3 6
github.com/MohamedElashri/snipo/internal/repository/tag_repo.go:201.16,203.3 1 0
github.com/MohamedElashri/snipo/internal/repository/tag_repo.go:206.2,206.32 1 6
github.com/MohamedElashri/snipo/internal/repository/tag_repo.go:206.32,210.27 3 9
github.com/MohamedElashri/snipo/internal/repository/tag_repo.go:210.27,216.18 2 6
github.com/MohamedElashri/snipo/internal/repository/tag_repo.go:216.18,218.5 1 0
github.com/MohamedElashri/snipo/internal/repository/tag_repo.go:219.9,219.24 1 3
github.com/MohamedElashri/snipo/internal/repository/tag_repo.go:219.24,221.4 1 0
github.com/MohamedElashri/snipo/internal/repository/tag_repo.go:224.3,228.17 2 9
github.com/MohamedElashri/snipo/internal/repository/tag_repo.go:228.17,230.4 1 0
github.com/MohamedElashri/snipo/internal/repository/tag_repo.go:233.2,233.36 1 6
github.com/MohamedElashri/snipo/internal/repository/tag_repo.go:233.36,235.3 1 0
github.com/MohamedElashri/snipo/internal/repository/tag_repo.go:237.2,237.12 1 6
github.com/MohamedElashri/snipo/internal/repository/tag_repo.go:241.91,247.16 3 1
github.com/MohamedElashri/snipo/internal/repository/tag_repo.go:247.16,249.3 1 0
github.com/MohamedElashri/snipo/internal/repository/tag_repo.go:250.2,250.19 1 1
github.com/MohamedElashri/snipo/internal/repository/token_repo.go:21.54,23.2 1 0
github.com/MohamedElashri/snipo/internal/repository/token_repo.go:26.38,28.44 2 0
github.com/MohamedElashri/snipo/internal/repository/token_repo.go:28.44,30.3 1 0
github.com/MohamedElashri/snipo/internal/repository/token_repo.go:31.2,31.39 1 0
github.com/MohamedElashri/snipo/internal/repository/token_repo.go:35.37,38.2 2 0
github.com/MohamedElashri/snipo/internal/repository/token_repo.go:41.110,44.16 2 0
github.com/MohamedElashri/snipo/internal/repository/token_repo.go:44.16,46.3 1 0
github.com/MohamedElashri/snipo/internal/repository/token_repo.go:48.2,51.29 2 0
github.com/MohamedElashri/snipo/internal/repository/token_repo.go:51.29,53.3 1 0
github.com/MohamedElashri/snipo/internal/repository/token_repo.go:54.2,54.97 1 0
github.com/MohamedElashri/snipo/internal/repository/token_repo.go:54.97,56.3 1 0
github.com/MohamedElashri/snipo/internal/repository/token_repo.go:58.2,73.16 4 0
github.com/MohamedElashri/snipo/internal/repository/token_repo.go:73.16,75.3 1 0
github.com/MohamedElashri/snipo/internal/repository/token_repo.go:78.2,80.22 2 0
github.com/MohamedElashri/snipo/internal/repository/token_repo.go:84.92,96.16 4 0
github.com/MohamedElashri/snipo/internal/repository/token_repo.go:96.16,97.27 1 0
github.com/MohamedElashri/snipo/internal/repository/token_repo.go:97.27,99.4 1 0
github.com/MohamedElashri/snipo/internal/repository/token_repo.go:100.3,100.57 1 0
github.com/MohamedElashri/snipo/internal/repository/token_repo.go:103.2,103.19 1 0
github.com/MohamedElashri/snipo/internal/repository/token_repo.go:107.99,121.16 5 0
github.com/MohamedElashri/snipo/internal/repository/token_repo.go:121.16,122.27 1 0
github.com/MohamedElashri/snipo/internal/repository/token_repo.go:122.27,124.4 1 0
github.com/MohamedElashri/snipo/internal/repository/token_repo.go:125.3,125.57 1 0
github.com/MohamedElashri/snipo/internal/repository/token_repo.go:128.2,128.22 1 0
github.com/MohamedElashri/snipo/internal/repository/token_repo.go:132.80,136.16 3 0
github.com/MohamedElashri/snipo/internal/repository/token_repo.go:136.16,138.3 1 0
github.com/MohamedElashri/snipo/internal/repository/token_repo.go:139.2,142.18 3 0
github.com/MohamedElashri/snipo/internal/repository/token_repo.go:142.18,151.17 2 0
github.com/MohamedElashri/snipo/internal/repository/token_repo.go:151.17,153.4 1 0
github.com/MohamedElashri/snipo/internal/repository/token_repo.go:154.3,154.33 1 0
github.com/MohamedElashri/snipo/internal/repository/token_repo.go:157.2,157.35 1 0
github.com/MohamedElashri/snipo/internal/repository/token_repo.go:157.35,159.3 1 0
github.com/MohamedElashri/snipo/internal/repository/token_repo.go:161.2,161.20 1 0
github.com/MohamedElashri/snipo/internal/repository/token_repo.go:165.71,167.16 2 0
github.com/MohamedElashri/snipo/internal/repository/token_repo.go:167.16,169.3 1 0
github.com/MohamedElashri/snipo/internal/repository/token_repo.go:171.2,172.16 2 0
github.com/MohamedElashri/snipo/internal/repository/token_repo.go:172.16,174.3 1 0
github.com/MohamedElashri/snipo/internal/repository/token_repo.go:176.2,176.15 1 0
github.com/MohamedElashri/snipo/internal/repository/token_repo.go:176.15,178.3 1 0
github.com/MohamedElashri/snipo/internal/repository/token_repo.go:180.2,180.12 1 0
github.com/MohamedElashri/snipo/internal/repository/token_repo.go:184.79,189.16 2 0
github.com/MohamedElashri/snipo/internal/repository/token_repo.go:189.16,191.3 1 0
github.com/MohamedElashri/snipo/internal/repository/token_repo.go:192.2,192.12 1 0
github.com/MohamedElashri/snipo/internal/repository/token_repo.go:196.102,198.16 2 0
github.com/MohamedElashri/snipo/internal/repository/token_repo.go:198.16,200.3 1 0
github.com/MohamedElashri/snipo/internal/repository/token_repo.go:203.2,203.72 1 0
github.com/MohamedElashri/snipo/internal/repository/token_repo.go:203.72,205.3 1 0
github.com/MohamedElashri/snipo/internal/repository/token_repo.go:208.2,210.22 2 0
github.com/MohamedElashri/snipo/internal/api/handlers/auth.go:16.61,18.2 1 0
github.com/MohamedElashri/snipo/internal/api/handlers/auth.go:32.69,34.61 2 0
github.com/MohamedElashri/snipo/internal/api/handlers/auth.go:34.61,37.3 2 0
github.com/MohamedElashri/snipo/internal/api/handlers/auth.go:39.2,39.24 1 0
github.com/MohamedElashri/snipo/internal/api/handlers/auth.go:39.24,42.3 2 0
github.com/MohamedElashri/snipo/internal/api/handlers/auth.go:44.2,44.49 1 0
github.com/MohamedElashri/snipo/internal/api/handlers/auth.go:44.49,47.3 2 0
github.com/MohamedElashri/snipo/internal/api/handlers/auth.go:50.2,51.16 2 0
github.com/MohamedElashri/snipo/internal/api/handlers/auth.go:51.16,54.3 2 0
github.com/MohamedElashri/snipo/internal/api/handlers/auth.go:57.2,62.4 2 0
github.com/MohamedElashri/snipo/internal/api/handlers/auth.go:66.70,68.17 2 0
github.com/MohamedElashri/snipo/internal/api/handlers/auth.go:68.17,70.3 1 0
github.com/MohamedElashri/snipo/internal/api/handlers/auth.go:72.2,77.4 2 0
github.com/MohamedElashri/snipo/internal/api/handlers/auth.go:81.69,83.58 2 0
github.com/MohamedElashri/snipo/internal/api/handlers/auth.go:83.58,86.3 2 0
github.com/MohamedElashri/snipo/internal/api/handlers/auth.go:88.2,88.47 1 0
github.com/MohamedElashri/snipo/internal/api/handlers/auth.go:98.78,100.61 2 0
github.com/MohamedElashri/snipo/internal/api/handlers/auth.go:100.61,103.3 2 0
github.com/MohamedElashri/snipo/internal/api/handlers/auth.go:105.2,105.56 1 0
github.com/MohamedElashri/snipo/internal/api/handlers/auth.go:105.56,108.3 2 0
github.com/MohamedElashri/snipo/internal/api/handlers/auth.go:110.2,110.30 1 0
github.com/MohamedElashri/snipo/internal/api/handlers/auth.go:110.30,113.3 2 0
github.com/MohamedElashri/snipo/internal/api/handlers/auth.go:116.2,116.56 1 0
github.com/MohamedElashri/snipo/internal/api/handlers/auth.go:116.56,119.3 2 0
github.com/MohamedElashri/snipo/internal/api/handlers/auth.go:122.2,122.70 1 0
github.com/MohamedElashri/snipo/internal/api/handlers/auth.go:122.70,125.3 2 0
github.com/MohamedElashri/snipo/internal/api/handlers/auth.go:127.2,130.4 1 0
github.com/MohamedElashri/snipo/internal/api/handlers/backup.go:19.108,24.2 1 0
github.com/MohamedElashri/snipo/internal/api/handlers/backup.go:28.72,34.23 2 0
github.com/MohamedElashri/snipo/internal/api/handlers/backup.go:34.23,36.3 1 0
github.com/MohamedElashri/snipo/internal/api/handlers/backup.go:38.2,39.16 2 0
github.com/MohamedElashri/snipo/internal/api/handlers/backup.go:39.16,42.3 2 0
github.com/MohamedElashri/snipo/internal/api/handlers/backup.go:45.2,46.26 2 0
github.com/MohamedElashri/snipo/internal/api/handlers/backup.go:46.26,48.3 1 0
github.com/MohamedElashri/snipo/internal/api/handlers/backup.go:49.2,49.25 1 0
github.com/MohamedElashri/snipo/internal/api/handlers/backup.go:49.25,51.3 1 0
github.com/MohamedElashri/snipo/internal/api/handlers/backup.go:53.2,56.18 4 0
github.com/MohamedElashri/snipo/internal/api/handlers/backup.go:61.72,63.55 1 0
github.com/MohamedElashri/snipo/internal/api/handlers/backup.go:63.55,66.3 2 0
github.com/MohamedElashri/snipo/internal/api/handlers/backup.go:68.2,69.16 2 0
github.com/MohamedElashri/snipo/internal/api/handlers/backup.go:69.16,72.3 2 0
github.com/MohamedElashri/snipo/internal/api/handlers/backup.go:73.2,76.16 3 0
github.com/MohamedElashri/snipo/internal/api/handlers/backup.go:76.16,79.3 2 0
github.com/MohamedElashri/snipo/internal/api/handlers/backup.go:81.2,86.25 2 0
github.com/MohamedElashri/snipo/internal/api/handlers/backup.go:86.25,88.3 1 0
github.com/MohamedElashri/snipo/internal/api/handlers/backup.go:90.2,91.16 2 0
github.com/MohamedElashri/snipo/internal/api/handlers/backup.go:91.16,92.42 1 0
github.com/MohamedElashri/snipo/internal/api/handlers/backup.go:92.42,95.4 2 0
github.com/MohamedElashri/snipo/internal/api/handlers/backup.go:96.3,96.45 1 0
github.com/MohamedElashri/snipo/internal/api/handlers/backup.go:96.45,99.4 2 0
github.com/MohamedElashri/snipo/internal/api/handlers/backup.go:100.3,101.9 2 0
github.com/MohamedElashri/snipo/internal/api/handlers/backup.go:104.2,104.15 1 0
github.com/MohamedElashri/snipo/internal/api/handlers/backup.go:109.72,110.24 1 0
github.com/MohamedElashri/snipo/internal/api/handlers/backup.go:110.24,113.3 2 0
github.com/MohamedElashri/snipo/internal/api/handlers/backup.go:115.2,116.62 2 0
github.com/MohamedElashri/snipo/internal/api/handlers/backup.go:116.62,119.3 1 0
github.com/MohamedElashri/snipo/internal/api/handlers/backup.go:121.2,122.16 2 0
github.com/MohamedElashri/snipo/internal/api/handlers/backup.go:122.16,125.3 2 0
github.com/MohamedElashri/snipo/internal/api/handlers/backup.go:127.2,127.15 1 0
github.com/MohamedElashri/snipo/internal/api/handlers/backup.go:131.72,132.24 1 0
github.com/MohamedElashri/snipo/internal/api/handlers/backup.go:132.24,135.3 2 0
github.com/MohamedElashri/snipo/internal/api/handlers/backup.go:137.2,138.16 2 0
github.com/MohamedElashri/snipo/internal/api/handlers/backup.go:138.16,141.3 2 0
github.com/MohamedElashri/snipo/internal/api/handlers/backup.go:143.2,145.4 1 0
github.com/MohamedElashri/snipo/internal/api/handlers/backup.go:150.75,151.24 1 0
github.com/MohamedElashri/snipo/internal/api/handlers/backup.go:151.24,154.3 2 0
github.com/MohamedElashri/snipo/internal/api/handlers/backup.go:156.2,162.61 2 0
github.com/MohamedElashri/snipo/internal/api/handlers/backup.go:162.61,165.3 2 0
github.com/MohamedElashri/snipo/internal/api/handlers/backup.go:167.2,167.19 1 0
github.com/MohamedElashri/snipo/internal/api/handlers/backup.go:167.19,170.3 2 0
github.com/MohamedElashri/snipo/internal/api/handlers/backup.go:172.2,177.25 2 0
github.com/MohamedElashri/snipo/internal/api/handlers/backup.go:177.25,179.3 1 0
github.com/MohamedElashri/snipo/internal/api/handlers/backup.go:181.2,182.16 2 0
github.com/MohamedElashri/snipo/internal/api/handlers/backup.go:182.16,185.3 2 0
github.com/MohamedElashri/snipo/internal/api/handlers/backup.go:187.2,187.15 1 0
github.com/MohamedElashri/snipo/internal/api/handlers/backup.go:191.74,192.24 1 0
github.com/MohamedElashri/snipo/internal/api/handlers/backup.go:192.24,195.3 2 0
github.com/MohamedElashri/snipo/internal/api/handlers/backup.go:197.2,198.15 2 0
github.com/MohamedElashri/snipo/internal/api/handlers/backup.go:198.15,201.3 2 0
github.com/MohamedElashri/snipo/internal/api/handlers/backup.go:203.2,203.67 1 0
github.com/MohamedElashri/snipo/internal/api/handlers/backup.go:203.67,206.3 2 0
github.com/MohamedElashri/snipo/internal/api/handlers/backup.go:208.2,210.4 1 0
github.com/MohamedElashri/snipo/internal/api/handlers/backup.go:214.74,220.2 2 0
github.com/MohamedElashri/snipo/internal/api/handlers/folders.go:21.73,23.2 1 3
github.com/MohamedElashri/snipo/internal/api/handlers/folders.go:26.70,33.10 4 2
github.com/MohamedElashri/snipo/internal/api/handlers/folders.go:33.10,35.3 1 1
github.com/MohamedElashri/snipo/internal/api/handlers/folders.go:35.8,37.3 1 1
github.com/MohamedElashri/snipo/internal/api/handlers/folders.go:39.2,39.16 1 2
github.com/MohamedElashri/snipo/internal/api/handlers/folders.go:39.16,42.3 2 0
github.com/MohamedElashri/snipo/internal/api/handlers/folders.go:45.2,45.11 1 2
github.com/MohamedElashri/snipo/internal/api/handlers/folders.go:45.11,46.26 1 1
github.com/MohamedElashri/snipo/internal/api/handlers/folders.go:46.26,48.18 2 3
github.com/MohamedElashri/snipo/internal/api/handlers/folders.go:48.18,50.5 1 3
github.com/MohamedElashri/snipo/internal/api/handlers/folders.go:54.2,54.48 1 2
github.com/MohamedElashri/snipo/internal/api/handlers/folders.go:58.72,60.63 2 1
github.com/MohamedElashri/snipo/internal/api/handlers/folders.go:60.63,63.3 2 0
github.com/MohamedElashri/snipo/internal/api/handlers/folders.go:66.2,66.22 1 1
github.com/MohamedElashri/snipo/internal/api/handlers/folders.go:66.22,69.3 2 0
github.com/MohamedElashri/snipo/internal/api/handlers/folders.go:71.2,71.27 1 1
github.com/MohamedElashri/snipo/internal/api/handlers/folders.go:71.27,74.3 2 0
github.com/MohamedElashri/snipo/internal/api/handlers/folders.go:77.2,77.27 1 1
github.com/MohamedElashri/snipo/internal/api/handlers/folders.go:77.27,79.17 2 0
github.com/MohamedElashri/snipo/internal/api/handlers/folders.go:79.17,80.46 1 0
github.com/MohamedElashri/snipo/internal/api/handlers/folders.go:80.46,83.5 2 0
github.com/MohamedElashri/snipo/internal/api/handlers/folders.go:84.4,85.10 2 0
github.com/MohamedElashri/snipo/internal/api/handlers/folders.go:89.2,90.16 2 1
github.com/MohamedElashri/snipo/internal/api/handlers/folders.go:90.16,93.3 2 0
github.com/MohamedElashri/snipo/internal/api/handlers/folders.go:95.2,95.20 1 1
github.com/MohamedElashri/snipo/internal/api/handlers/folders.go:99.69,101.16 2 0
github.com/MohamedElashri/snipo/internal/api/handlers/folders.go:101.16,104.3 2 0
github.com/MohamedElashri/snipo/internal/api/handlers/folders.go:106.2,107.16 2 0
github.com/MohamedElashri/snipo/internal/api/handlers/folders.go:107.16,108.45 1 0
github.com/MohamedElashri/snipo/internal/api/handlers/folders.go:108.45,111.4 2 0
github.com/MohamedElashri/snipo/internal/api/handlers/folders.go:112.3,113.9 2 0
github.com/MohamedElashri/snipo/internal/api/handlers/folders.go:117.2,118.16 2 0
github.com/MohamedElashri/snipo/internal/api/handlers/folders.go:118.16,120.3 1 0
github.com/MohamedElashri/snipo/internal/api/handlers/folders.go:122.2,122.15 1 0
github.com/MohamedElashri/snipo/internal/api/handlers/folders.go:126.72,128.16 2 0
github.com/MohamedElashri/snipo/internal/api/handlers/folders.go:128.16,131.3 2 0
github.com/MohamedElashri/snipo/internal/api/handlers/folders.go:133.2,134.63 2 0
github.com/MohamedElashri/snipo/internal/api/handlers/folders.go:134.63,137.3 2 0
github.com/MohamedElashri/snipo/internal/api/handlers/folders.go:140.2,140.22 1 0
github.com/MohamedElashri/snipo/internal/api/handlers/folders.go:140.22,143.3 2 0
github.com/MohamedElashri/snipo/internal/api/handlers/folders.go:145.2,145.27 1 0
github.com/MohamedElashri/snipo/internal/api/handlers/folders.go:145.27,148.3 2 0
github.com/MohamedElashri/snipo/internal/api/handlers/folders.go:151.2,151.27 1 0
github.com/MohamedElashri/snipo/internal/api/handlers/folders.go:151.27,152.28 1 0
github.com/MohamedElashri/snipo/internal/api/handlers/folders.go:152.28,155.4 2 0
github.com/MohamedElashri/snipo/internal/api/handlers/folders.go:157.3,158.17 2 0
github.com/MohamedElashri/snipo/internal/api/handlers/folders.go:158.17,159.46 1 0
github.com/MohamedElashri/snipo/internal/api/handlers/folders.go:159.46,162.5 2 0
github.com/MohamedElashri/snipo/internal/api/handlers/folders.go:163.4,164.10 2 0
github.com/MohamedElashri/snipo/internal/api/handlers/folders.go:168.2,169.16 2 0
github.com/MohamedElashri/snipo/internal/api/handlers/folders.go:169.16,170.45 1 0
github.com/MohamedElashri/snipo/internal/api/handlers/folders.go:170.45,173.4 2 0
github.com/MohamedElashri/snipo/internal/api/handlers/folders.go:174.3,175.9 2 0
github.com/MohamedElashri/snipo/internal/api/handlers/folders.go:178.2,178.15 1 0
github.com/MohamedElashri/snipo/internal/api/handlers/folders.go:182.72,184.16 2 0
github.com/MohamedElashri/snipo/internal/api/handlers/folders.go:184.16,187.3 2 0
github.com/MohamedElashri/snipo/internal/api/handlers/folders.go:189.2,190.16 2 0
github.com/MohamedElashri/snipo/internal/api/handlers/folders.go:190.16,191.45 1 0
github.com/MohamedElashri/snipo/internal/api/handlers/folders.go:191.45,194.4 2 0
github.com/MohamedElashri/snipo/internal/api/handlers/folders.go:195.3,196.9 2 0
github.com/MohamedElashri/snipo/internal/api/handlers/folders.go:199.2,199.14 1 0
github.com/MohamedElashri/snipo/internal/api/handlers/folders.go:208.70,210.16 2 0
github.com/MohamedElashri/snipo/internal/api/handlers/folders.go:210.16,213.3 2 0
github.com/MohamedElashri/snipo/internal/api/handlers/folders.go:215.2,216.61 2 0
github.com/MohamedElashri/snipo/internal/api/handlers/folders.go:216.61,219.3 2 0
github.com/MohamedElashri/snipo/internal/api/handlers/folders.go:222.2,222.48 1 0
github.com/MohamedElashri/snipo/internal/api/handlers/folders.go:222.48,225.3 2 0
github.com/MohamedElashri/snipo/internal/api/handlers/folders.go:228.2,228.25 1 0
github.com/MohamedElashri/snipo/internal/api/handlers/folders.go:228.25,230.17 2 0
github.com/MohamedElashri/snipo/internal/api/handlers/folders.go:230.17,231.46 1 0
github.com/MohamedElashri/snipo/internal/api/handlers/folders.go:231.46,234.5 2 0
github.com/MohamedElashri/snipo/internal/api/handlers/folders.go:235.4,236.10 2 0
github.com/MohamedElashri/snipo/internal/api/handlers/folders.go:240.2,241.16 2 0
github.com/MohamedElashri/snipo/internal/api/handlers/folders.go:241.16,242.45 1 0
github.com/MohamedElashri/snipo/internal/api/handlers/folders.go:242.45,245.4 2 0
github.com/MohamedElashri/snipo/internal/api/handlers/folders.go:247.3,247.75 1 0
github.com/MohamedElashri/snipo/internal/api/handlers/folders.go:247.75,250.4 2 0
github.com/MohamedElashri/snipo/internal/api/handlers/folders.go:251.3,252.9 2 0
github.com/MohamedElashri/snipo/internal/api/handlers/folders.go:255.2,255.15 1 0
github.com/MohamedElashri/snipo/internal/api/handlers/health.go:19.74,26.2 1 2
github.com/MohamedElashri/snipo/internal/api/handlers/health.go:48.72,53.36 3 1
github.com/MohamedElashri/snipo/internal/api/handlers/health.go:53.36,56.3 2 0
github.com/MohamedElashri/snipo/internal/api/handlers/health.go:56.8,58.3 1 1
github.com/MohamedElashri/snipo/internal/api/handlers/health.go:61.2,79.25 4 1
github.com/MohamedElashri/snipo/internal/api/handlers/health.go:79.25,81.3 1 1
github.com/MohamedElashri/snipo/internal/api/handlers/health.go:81.8,83.3 1 0
github.com/MohamedElashri/snipo/internal/api/handlers/health.go:87.70,91.2 3 1
github.com/MohamedElashri/snipo/internal/api/handlers/response.go:27.64,31.17 3 16
github.com/MohamedElashri/snipo/internal/api/handlers/response.go:31.17,32.57 1 16
github.com/MohamedElashri/snipo/internal/api/handlers/response.go:32.57,35.4 1 0
github.com/MohamedElashri/snipo/internal/api/handlers/response.go:40.69,47.2 1 2
github.com/MohamedElashri/snipo/internal/api/handlers/response.go:50.72,58.2 1 1
github.com/MohamedElashri/snipo/internal/api/handlers/response.go:61.54,62.19 1 1
github.com/MohamedElashri/snipo/internal/api/handlers/response.go:62.19,64.3 1 0
github.com/MohamedElashri/snipo/internal/api/handlers/response.go:65.2,65.53 1 1
github.com/MohamedElashri/snipo/internal/api/handlers/response.go:69.42,71.2 1 0
github.com/MohamedElashri/snipo/internal/api/handlers/response.go:74.39,76.2 1 0
github.com/MohamedElashri/snipo/internal/api/handlers/response.go:79.43,81.2 1 0
github.com/MohamedElashri/snipo/internal/api/handlers/response.go:84.55,86.2 1 3
github.com/MohamedElashri/snipo/internal/api/handlers/response.go:89.39,91.2 1 1
github.com/MohamedElashri/snipo/internal/api/handlers/response.go:94.50,96.2 1 10
github.com/MohamedElashri/snipo/internal/api/handlers/snippets.go:22.74,24.2 1 11
github.com/MohamedElashri/snipo/internal/api/handlers/snippets.go:27.71,31.51 2 2
github.com/MohamedElashri/snipo/internal/api/handlers/snippets.go:31.51,32.56 1 1
github.com/MohamedElashri/snipo/internal/api/handlers/snippets.go:32.56,34.4 1 1
github.com/MohamedElashri/snipo/internal/api/handlers/snippets.go:37.2,37.54 1 2
github.com/MohamedElashri/snipo/internal/api/handlers/snippets.go:37.54,38.57 1 1
github.com/MohamedElashri/snipo/internal/api/handlers/snippets.go:38.57,40.4 1 1
github.com/MohamedElashri/snipo/internal/api/handlers/snippets.go:43.2,43.42 1 2
github.com/MohamedElashri/snipo/internal/api/handlers/snippets.go:43.42,45.3 1 0
github.com/MohamedElashri/snipo/internal/api/handlers/snippets.go:47.2,47.55 1 2
github.com/MohamedElashri/snipo/internal/api/handlers/snippets.go:47.55,49.3 1 0
github.com/MohamedElashri/snipo/internal/api/handlers/snippets.go:51.2,51.53 1 2
github.com/MohamedElashri/snipo/internal/api/handlers/snippets.go:51.53,54.3 2 0
github.com/MohamedElashri/snipo/internal/api/handlers/snippets.go:56.2,56.55 1 2
github.com/MohamedElashri/snipo/internal/api/handlers/snippets.go:56.55,57.71 1 0
github.com/MohamedElashri/snipo/internal/api/handlers/snippets.go:57.71,59.4 1 0
github.com/MohamedElashri/snipo/internal/api/handlers/snippets.go:62.2,62.64 1 2
github.com/MohamedElashri/snipo/internal/api/handlers/snippets.go:62.64,63.74 1 0
github.com/MohamedElashri/snipo/internal/api/handlers/snippets.go:63.74,65.4 1 0
github.com/MohamedElashri/snipo/internal/api/handlers/snippets.go:68.2,68.55 1 2
github.com/MohamedElashri/snipo/internal/api/handlers/snippets.go:68.55,70.3 1 0
github.com/MohamedElashri/snipo/internal/api/handlers/snippets.go:72.2,72.54 1 2
github.com/MohamedElashri/snipo/internal/api/handlers/snippets.go:72.54,74.3 1 0
github.com/MohamedElashri/snipo/internal/api/handlers/snippets.go:76.2,77.16 2 2
github.com/MohamedElashri/snipo/internal/api/handlers/snippets.go:77.16,80.3 2 0
github.com/MohamedElashri/snipo/internal/api/handlers/snippets.go:82.2,82.15 1 2
github.com/MohamedElashri/snipo/internal/api/handlers/snippets.go:86.73,88.63 2 3
github.com/MohamedElashri/snipo/internal/api/handlers/snippets.go:88.63,91.3 2 1
github.com/MohamedElashri/snipo/internal/api/handlers/snippets.go:93.2,94.16 2 2
github.com/MohamedElashri/snipo/internal/api/handlers/snippets.go:94.16,97.38 2 1
github.com/MohamedElashri/snipo/internal/api/handlers/snippets.go:97.38,99.37 2 1
github.com/MohamedElashri/snipo/internal/api/handlers/snippets.go:99.37,101.5 1 1
github.com/MohamedElashri/snipo/internal/api/handlers/snippets.go:102.4,103.10 2 1
github.com/MohamedElashri/snipo/internal/api/handlers/snippets.go:105.3,106.9 2 0
github.com/MohamedElashri/snipo/internal/api/handlers/snippets.go:109.2,109.21 1 1
github.com/MohamedElashri/snipo/internal/api/handlers/snippets.go:113.70,115.14 2 2
github.com/MohamedElashri/snipo/internal/api/handlers/snippets.go:115.14,118.3 2 0
github.com/MohamedElashri/snipo/internal/api/handlers/snippets.go:120.2,121.16 2 2
github.com/MohamedElashri/snipo/internal/api/handlers/snippets.go:121.16,122.50 1 1
github.com/MohamedElashri/snipo/internal/api/handlers/snippets.go:122.50,125.4 2 1
github.com/MohamedElashri/snipo/internal/api/handlers/snippets.go:126.3,127.9 2 0
github.com/MohamedElashri/snipo/internal/api/handlers/snippets.go:130.2,130.16 1 1
github.com/MohamedElashri/snipo/internal/api/handlers/snippets.go:134.73,136.14 2 1
github.com/MohamedElashri/snipo/internal/api/handlers/snippets.go:136.14,139.3 2 0
github.com/MohamedElashri/snipo/internal/api/handlers/snippets.go:141.2,142.63 2 1
github.com/MohamedElashri/snipo/internal/api/handlers/snippets.go:142.63,145.3 2 0
github.com/MohamedElashri/snipo/internal/api/handlers/snippets.go:147.2,148.16 2 1
github.com/MohamedElashri/snipo/internal/api/handlers/snippets.go:148.16,149.50 1 0
github.com/MohamedElashri/snipo/internal/api/handlers/snippets.go:149.50,152.4 2 0
github.com/MohamedElashri/snipo/internal/api/handlers/snippets.go:153.3,154.38 2 0
github.com/MohamedElashri/snipo/internal/api/handlers/snippets.go:154.38,156.37 2 0
github.com/MohamedElashri/snipo/internal/api/handlers/snippets.go:156.37,158.5 1 0
github.com/MohamedElashri/snipo/internal/api/handlers/snippets.go:159.4,160.10 2 0
github.com/MohamedElashri/snipo/internal/api/handlers/snippets.go:162.3,163.9 2 0
github.com/MohamedElashri/snipo/internal/api/handlers/snippets.go:166.2,166.16 1 1
github.com/MohamedElashri/snipo/internal/api/handlers/snippets.go:170.73,172.14 2 1
github.com/MohamedElashri/snipo/internal/api/handlers/snippets.go:172.14,175.3 2 0
github.com/MohamedElashri/snipo/internal/api/handlers/snippets.go:177.2,178.16 2 1
github.com/MohamedElashri/snipo/internal/api/handlers/snippets.go:178.16,179.50 1 0
github.com/MohamedElashri/snipo/internal/api/handlers/snippets.go:179.50,182.4 2 0
github.com/MohamedElashri/snipo/internal/api/handlers/snippets.go:183.3,184.9 2 0
github.com/MohamedElashri/snipo/internal/api/handlers/snippets.go:187.2,187.14 1 1
github.com/MohamedElashri/snipo/internal/api/handlers/snippets.go:191.81,193.14 2 1
github.com/MohamedElashri/snipo/internal/api/handlers/snippets.go:193.14,196.3 2 0
github.com/MohamedElashri/snipo/internal/api/handlers/snippets.go:198.2,199.16 2 1
github.com/MohamedElashri/snipo/internal/api/handlers/snippets.go:199.16,200.50 1 0
github.com/MohamedElashri/snipo/internal/api/handlers/snippets.go:200.50,203.4 2 0
github.com/MohamedElashri/snipo/internal/api/handlers/snippets.go:204.3,205.9 2 0
github.com/MohamedElashri/snipo/internal/api/handlers/snippets.go:208.2,208.16 1 1
github.com/MohamedElashri/snipo/internal/api/handlers/snippets.go:212.76,214.14 2 0
github.com/MohamedElashri/snipo/internal/api/handlers/snippets.go:214.14,217.3 2 0
github.com/MohamedElashri/snipo/internal/api/handlers/snippets.go:219.2,220.16 2 0
github.com/MohamedElashri/snipo/internal/api/handlers/snippets.go:220.16,221.50 1 0
github.com/MohamedElashri/snipo/internal/api/handlers/snippets.go:221.50,224.4 2 0
github.com/MohamedElashri/snipo/internal/api/handlers/snippets.go:225.3,226.9 2 0
github.com/MohamedElashri/snipo/internal/api/handlers/snippets.go:229.2,229.21 1 0
github.com/MohamedElashri/snipo/internal/api/handlers/snippets.go:233.73,235.17 2 1
github.com/MohamedElashri/snipo/internal/api/handlers/snippets.go:235.17,238.3 2 0
github.com/MohamedElashri/snipo/internal/api/handlers/snippets.go:240.2,241.46 2 1
github.com/MohamedElashri/snipo/internal/api/handlers/snippets.go:241.46,242.63 1 0
github.com/MohamedElashri/snipo/internal/api/handlers/snippets.go:242.63,244.4 1 0
github.com/MohamedElashri/snipo/internal/api/handlers/snippets.go:247.2,248.16 2 1
github.com/MohamedElashri/snipo/internal/api/handlers/snippets.go:248.16,251.3 2 0
github.com/MohamedElashri/snipo/internal/api/handlers/snippets.go:253.2,253.49 1 1
github.com/MohamedElashri/snipo/internal/api/handlers/snippets.go:257.76,259.14 2 0
github.com/MohamedElashri/snipo/internal/api/handlers/snippets.go:259.14,262.3 2 0
github.com/MohamedElashri/snipo/internal/api/handlers/snippets.go:264.2,265.16 2 0
github.com/MohamedElashri/snipo/internal/api/handlers/snippets.go:265.16,266.50 1 0
github.com/MohamedElashri/snipo/internal/api/handlers/snippets.go:266.50,269.4 2 0
github.com/MohamedElashri/snipo/internal/api/handlers/snippets.go:270.3,271.9 2 0
github.com/MohamedElashri/snipo/internal/api/handlers/snippets.go:274.2,274.16 1 0
github.com/MohamedElashri/snipo/internal/api/handlers/tags.go:21.64,23.2 1 2
github.com/MohamedElashri/snipo/internal/api/handlers/tags.go:26.67,28.16 2 1
github.com/MohamedElashri/snipo/internal/api/handlers/tags.go:28.16,31.3 2 0
github.com/MohamedElashri/snipo/internal/api/handlers/tags.go:34.2,34.22 1 1
github.com/MohamedElashri/snipo/internal/api/handlers/tags.go:34.22,36.17 2 3
github.com/MohamedElashri/snipo/internal/api/handlers/tags.go:36.17,38.4 1 3
github.com/MohamedElashri/snipo/internal/api/handlers/tags.go:41.2,41.45 1 1
github.com/MohamedElashri/snipo/internal/api/handlers/tags.go:45.69,47.63 2 1
github.com/MohamedElashri/snipo/internal/api/handlers/tags.go:47.63,50.3 2 0
github.com/MohamedElashri/snipo/internal/api/handlers/tags.go:53.2,53.22 1 1
github.com/MohamedElashri/snipo/internal/api/handlers/tags.go:53.22,56.3 2 0
github.com/MohamedElashri/snipo/internal/api/handlers/tags.go:58.2,58.26 1 1
github.com/MohamedElashri/snipo/internal/api/handlers/tags.go:58.26,61.3 2 0
github.com/MohamedElashri/snipo/internal/api/handlers/tags.go:64.2,64.23 1 1
github.com/MohamedElashri/snipo/internal/api/handlers/tags.go:64.23,66.3 1 0
github.com/MohamedElashri/snipo/internal/api/handlers/tags.go:69.2,70.35 2 1
github.com/MohamedElashri/snipo/internal/api/handlers/tags.go:70.35,73.3 2 0
github.com/MohamedElashri/snipo/internal/api/handlers/tags.go:75.2,76.16 2 1
github.com/MohamedElashri/snipo/internal/api/handlers/tags.go:76.16,79.3 2 0
github.com/MohamedElashri/snipo/internal/api/handlers/tags.go:81.2,81.17 1 1
github.com/MohamedElashri/snipo/internal/api/handlers/tags.go:85.66,87.16 2 0
github.com/MohamedElashri/snipo/internal/api/handlers/tags.go:87.16,90.3 2 0
github.com/MohamedElashri/snipo/internal/api/handlers/tags.go:92.2,93.16 2 0
github.com/MohamedElashri/snipo/internal/api/handlers/tags.go:93.16,94.45 1 0
github.com/MohamedElashri/snipo/internal/api/handlers/tags.go:94.45,97.4 2 0
github.com/MohamedElashri/snipo/internal/api/handlers/tags.go:98.3,99.9 2 0
github.com/MohamedElashri/snipo/internal/api/handlers/tags.go:103.2,104.16 2 0
github.com/MohamedElashri/snipo/internal/api/handlers/tags.go:104.16,106.3 1 0
github.com/MohamedElashri/snipo/internal/api/handlers/tags.go:108.2,108.12 1 0
github.com/MohamedElashri/snipo/internal/api/handlers/tags.go:112.69,114.16 2 0
github.com/MohamedElashri/snipo/internal/api/handlers/tags.go:114.16,117.3 2 0
github.com/MohamedElashri/snipo/internal/api/handlers/tags.go:119.2,120.63 2 0
github.com/MohamedElashri/snipo/internal/api/handlers/tags.go:120.63,123.3 2 0
github.com/MohamedElashri/snipo/internal/api/handlers/tags.go:126.2,126.22 1 0
github.com/MohamedElashri/snipo/internal/api/handlers/tags.go:126.22,129.3 2 0
github.com/MohamedElashri/snipo/internal/api/handlers/tags.go:131.2,131.26 1 0
github.com/MohamedElashri/snipo/internal/api/handlers/tags.go:131.26,134.3 2 0
github.com/MohamedElashri/snipo/internal/api/handlers/tags.go:137.2,138.56 2 0
github.com/MohamedElashri/snipo/internal/api/handlers/tags.go:138.56,141.3 2 0
github.com/MohamedElashri/snipo/internal/api/handlers/tags.go:144.2,144.23 1 0
github.com/MohamedElashri/snipo/internal/api/handlers/tags.go:144.23,146.3 1 0
github.com/MohamedElashri/snipo/internal/api/handlers/tags.go:148.2,149.16 2 0
github.com/MohamedElashri/snipo/internal/api/handlers/tags.go:149.16,150.45 1 0
github.com/MohamedElashri/snipo/internal/api/handlers/tags.go:150.45,153.4 2 0
github.com/MohamedElashri/snipo/internal/api/handlers/tags.go:154.3,155.9 2 0
github.com/MohamedElashri/snipo/internal/api/handlers/tags.go:158.2,158.12 1 0
github.com/MohamedElashri/snipo/internal/api/handlers/tags.go:162.69,164.16 2 0
github.com/MohamedElashri/snipo/internal/api/handlers/tags.go:164.16,167.3 2 0
github.com/MohamedElashri/snipo/internal/api/handlers/tags.go:169.2,170.16 2 0
github.com/MohamedElashri/snipo/internal/api/handlers/tags.go:170.16,171.45 1 0
github.com/MohamedElashri/snipo/internal/api/handlers/tags.go:171.45,174.4 2 0
github.com/MohamedElashri/snipo/internal/api/handlers/tags.go:175.3,176.9 2 0
github.com/MohamedElashri/snipo/internal/api/handlers/tags.go:179.2,179.14 1 0
github.com/MohamedElashri/snipo/internal/api/handlers/tokens.go:21.70,23.2 1 0
github.com/MohamedElashri/snipo/internal/api/handlers/tokens.go:26.69,28.16 2 0
github.com/MohamedElashri/snipo/internal/api/handlers/tokens.go:28.16,31.3 2 0
github.com/MohamedElashri/snipo/internal/api/handlers/tokens.go:33.2,33.47 1 0
github.com/MohamedElashri/snipo/internal/api/handlers/tokens.go:37.71,39.63 2 0
github.com/MohamedElashri/snipo/internal/api/handlers/tokens.go:39.63,42.3 2 0
github.com/MohamedElashri/snipo/internal/api/handlers/tokens.go:45.2,45.22 1 0
github.com/MohamedElashri/snipo/internal/api/handlers/tokens.go:45.22,48.3 2 0
github.com/MohamedElashri/snipo/internal/api/handlers/tokens.go:50.2,50.27 1 0
github.com/MohamedElashri/snipo/internal/api/handlers/tokens.go:50.27,53.3 2 0
github.com/MohamedElashri/snipo/internal/api/handlers/tokens.go:56.2,56.124 1 0
github.com/MohamedElashri/snipo/internal/api/handlers/tokens.go:56.124,59.3 2 0
github.com/MohamedElashri/snipo/internal/api/handlers/tokens.go:61.2,62.16 2 0
github.com/MohamedElashri/snipo/internal/api/handlers/tokens.go:62.16,65.3 2 0
github.com/MohamedElashri/snipo/internal/api/handlers/tokens.go:68.2,68.19 1 0
github.com/MohamedElashri/snipo/internal/api/handlers/tokens.go:72.68,74.16 2 0
github.com/MohamedElashri/snipo/internal/api/handlers/tokens.go:74.16,77.3 2 0
github.com/MohamedElashri/snipo/internal/api/handlers/tokens.go:79.2,80.16 2 0
github.com/MohamedElashri/snipo/internal/api/handlers/tokens.go:80.16,81.45 1 0
github.com/MohamedElashri/snipo/internal/api/handlers/tokens.go:81.45,84.4 2 0
github.com/MohamedElashri/snipo/internal/api/handlers/tokens.go:85.3,86.9 2 0
github.com/MohamedElashri/snipo/internal/api/handlers/tokens.go:89.2,89.14 1 0
github.com/MohamedElashri/snipo/internal/api/handlers/tokens.go:93.71,95.16 2 0
github.com/MohamedElashri/snipo/internal/api/handlers/tokens.go:95.16,98.3 2 0
github.com/MohamedElashri/snipo/internal/api/handlers/tokens.go:100.2,101.16 2 0
github.com/MohamedElashri/snipo/internal/api/handlers/tokens.go:101.16,102.45 1 0
github.com/MohamedElashri/snipo/internal/api/handlers/tokens.go:102.45,105.4 2 0
github.com/MohamedElashri/snipo/internal/api/handlers/tokens.go:106.3,107.9 2 0
github.com/MohamedElashri/snipo/internal/api/handlers/tokens.go:110.2,110.14 1 0
github.com/MohamedElashri/snipo/internal/api/router.go:34.47,65.49 15 0
github.com/MohamedElashri/snipo/internal/api/router.go:65.49,74.17 2 0
github.com/MohamedElashri/snipo/internal/api/router.go:74.17,76.4 1 0
github.com/MohamedElashri/snipo/internal/api/router.go:76.9,79.4 2 0
github.com/MohamedElashri/snipo/internal/api/router.go:83.2,92.29 8 0
github.com/MohamedElashri/snipo/internal/api/router.go:92.29,101.30 4 0
github.com/MohamedElashri/snipo/internal/api/router.go:101.30,104.4 2 0
github.com/MohamedElashri/snipo/internal/api/router.go:106.3,107.49 2 0
github.com/MohamedElashri/snipo/internal/api/router.go:111.2,111.29 1 0
github.com/MohamedElashri/snipo/internal/api/router.go:111.29,118.50 3 0
github.com/MohamedElashri/snipo/internal/api/router.go:118.50,123.40 4 0
github.com/MohamedElashri/snipo/internal/api/router.go:123.40,129.5 5 0
github.com/MohamedElashri/snipo/internal/api/router.go:133.3,133.46 1 0
github.com/MohamedElashri/snipo/internal/api/router.go:133.46,137.40 3 0
github.com/MohamedElashri/snipo/internal/api/router.go:137.40,141.5 3 0
github.com/MohamedElashri/snipo/internal/api/router.go:145.3,145.49 1 0
github.com/MohamedElashri/snipo/internal/api/router.go:145.49,149.40 3 0
github.com/MohamedElashri/snipo/internal/api/router.go:149.40,154.5 4 0
github.com/MohamedElashri/snipo/internal/api/router.go:158.3,158.48 1 0
github.com/MohamedElashri/snipo/internal/api/router.go:158.48,162.40 3 0
github.com/MohamedElashri/snipo/internal/api/router.go:162.40,165.5 2 0
github.com/MohamedElashri/snipo/internal/api/router.go:169.3,169.48 1 0
github.com/MohamedElashri/snipo/internal/api/router.go:169.48,179.4 7 0
github.com/MohamedElashri/snipo/internal/api/router.go:183.2,184.16 2 0
github.com/MohamedElashri/snipo/internal/api/router.go:184.16,186.3 1 0
github.com/MohamedElashri/snipo/internal/api/router.go:186.8,194.3 4 0
github.com/MohamedElashri/snipo/internal/api/router.go:196.2,196.10 1 0
github.com/MohamedElashri/snipo/cmd/server/main.go:25.13,27.22 1 0
github.com/MohamedElashri/snipo/cmd/server/main.go:27.22,28.21 1 0
github.com/MohamedElashri/snipo/cmd/server/main.go:29.16,30.15 1 0
github.com/MohamedElashri/snipo/cmd/server/main.go:31.18,32.19 1 0
github.com/MohamedElashri/snipo/cmd/server/main.go:33.18,35.14 2 0
github.com/MohamedElashri/snipo/cmd/server/main.go:36.17,37.17 1 0
github.com/MohamedElashri/snipo/cmd/server/main.go:38.11,41.14 3 0
github.com/MohamedElashri/snipo/cmd/server/main.go:43.8,45.3 1 0
github.com/MohamedElashri/snipo/cmd/server/main.go:48.18,56.16 4 0
github.com/MohamedElashri/snipo/cmd/server/main.go:56.16,59.3 2 0
github.com/MohamedElashri/snipo/cmd/server/main.go:62.2,69.16 2 0
github.com/MohamedElashri/snipo/cmd/server/main.go:69.16,72.3 2 0
github.com/MohamedElashri/snipo/cmd/server/main.go:73.2,77.40 3 0
github.com/MohamedElashri/snipo/cmd/server/main.go:77.40,80.3 2 0
github.com/MohamedElashri/snipo/cmd/server/main.go:83.2,92.12 2 0
github.com/MohamedElashri/snipo/cmd/server/main.go:92.12,94.22 2 0
github.com/MohamedElashri/snipo/cmd/server/main.go:94.22,95.63 1 0
github.com/MohamedElashri/snipo/cmd/server/main.go:95.63,97.5 1 0
github.com/MohamedElashri/snipo/cmd/server/main.go:102.2,124.12 3 0
github.com/MohamedElashri/snipo/cmd/server/main.go:124.12,126.80 2 0
github.com/MohamedElashri/snipo/cmd/server/main.go:126.80,129.4 2 0
github.com/MohamedElashri/snipo/cmd/server/main.go:133.2,143.45 7 0
github.com/MohamedElashri/snipo/cmd/server/main.go:143.45,145.3 1 0
github.com/MohamedElashri/snipo/cmd/server/main.go:147.2,147.31 1 0
github.com/MohamedElashri/snipo/cmd/server/main.go:150.22,154.16 3 0
github.com/MohamedElashri/snipo/cmd/server/main.go:154.16,157.3 2 0
github.com/MohamedElashri/snipo/cmd/server/main.go:159.2,166.16 2 0
github.com/MohamedElashri/snipo/cmd/server/main.go:166.16,169.3 2 0
github.com/MohamedElashri/snipo/cmd/server/main.go:170.2,173.40 3 0
github.com/MohamedElashri/snipo/cmd/server/main.go:173.40,176.3 2 0
github.com/MohamedElashri/snipo/cmd/server/main.go:178.2,178.50 1 0
github.com/MohamedElashri/snipo/cmd/server/main.go:181.20,184.16 2 0
github.com/MohamedElashri/snipo/cmd/server/main.go:184.16,186.3 1 0
github.com/MohamedElashri/snipo/cmd/server/main.go:187.2,189.38 2 0
github.com/MohamedElashri/snipo/cmd/server/main.go:189.38,191.3 1 0
github.com/MohamedElashri/snipo/cmd/server/main.go:192.2,192.12 1 0
github.com/MohamedElashri/snipo/cmd/server/main.go:195.33,200.18 4 0
github.com/MohamedElashri/snipo/cmd/server/main.go:201.15,202.26 1 0
github.com/MohamedElashri/snipo/cmd/server/main.go:203.14,204.25 1 0
github.com/MohamedElashri/snipo/cmd/server/main.go:205.15,206.26 1 0
github.com/MohamedElashri/snipo/cmd/server/main.go:207.10,208.25 1 0
github.com/MohamedElashri/snipo/cmd/server/main.go:211.2,214.25 3 0
github.com/MohamedElashri/snipo/cmd/server/main.go:214.25,216.3 1 0
github.com/MohamedElashri/snipo/cmd/server/main.go:216.8,218.3 1 0
github.com/MohamedElashri/snipo/cmd/server/main.go:220.2,220.26 1 0
github.com/MohamedElashri/snipo/internal/database/database.go:30.56,33.29 2 0
github.com/MohamedElashri/snipo/internal/database/database.go:33.29,34.48 1 0
github.com/MohamedElashri/snipo/internal/database/database.go:34.48,36.4 1 0
github.com/MohamedElashri/snipo/internal/database/database.go:40.2,48.16 3 0
github.com/MohamedElashri/snipo/internal/database/database.go:48.16,50.3 1 0
github.com/MohamedElashri/snipo/internal/database/database.go:53.2,56.34 2 0
github.com/MohamedElashri/snipo/internal/database/database.go:56.34,59.3 2 0
github.com/MohamedElashri/snipo/internal/database/database.go:62.2,68.33 2 0
github.com/MohamedElashri/snipo/internal/database/database.go:68.33,69.44 1 0
github.com/MohamedElashri/snipo/internal/database/database.go:69.44,71.4 1 0
github.com/MohamedElashri/snipo/internal/database/database.go:74.2,76.41 2 0
github.com/MohamedElashri/snipo/internal/database/database.go:80.50,89.16 2 0
github.com/MohamedElashri/snipo/internal/database/database.go:89.16,91.3 1 0
github.com/MohamedElashri/snipo/internal/database/database.go:94.2,96.50 3 0
github.com/MohamedElashri/snipo/internal/database/database.go:96.50,98.3 1 0
github.com/MohamedElashri/snipo/internal/database/database.go:100.2,104.31 3 0
github.com/MohamedElashri/snipo/internal/database/database.go:104.31,105.34 1 0
github.com/MohamedElashri/snipo/internal/database/database.go:105.34,106.12 1 0
github.com/MohamedElashri/snipo/internal/database/database.go:109.3,113.17 3 0
github.com/MohamedElashri/snipo/internal/database/database.go:113.17,115.4 1 0
github.com/MohamedElashri/snipo/internal/database/database.go:117.3,117.55 1 0
github.com/MohamedElashri/snipo/internal/database/database.go:117.55,120.4 2 0
github.com/MohamedElashri/snipo/internal/database/database.go:123.3,126.17 1 0
github.com/MohamedElashri/snipo/internal/database/database.go:126.17,129.4 2 0
github.com/MohamedElashri/snipo/internal/database/database.go:131.3,131.37 1 0
github.com/MohamedElashri/snipo/internal/database/database.go:131.37,133.4 1 0
github.com/MohamedElashri/snipo/internal/database/database.go:135.3,135.76 1 0
github.com/MohamedElashri/snipo/internal/database/database.go:138.2,138.12 1 0
github.com/MohamedElashri/snipo/internal/database/database.go:142.29,145.2 2 0
github.com/MohamedElashri/snipo/internal/database/migrations.go:179.34,184.2 1 0
github.com/MohamedElashri/snipo/internal/testutil/testutil.go:17.35,21.16 3 0
github.com/MohamedElashri/snipo/internal/testutil/testutil.go:21.16,23.3 1 0
github.com/MohamedElashri/snipo/internal/testutil/testutil.go:26.2,26.46 1 0
github.com/MohamedElashri/snipo/internal/testutil/testutil.go:26.46,29.3 2 0
github.com/MohamedElashri/snipo/internal/testutil/testutil.go:31.2,31.19 1 0
github.com/MohamedElashri/snipo/internal/testutil/testutil.go:31.19,33.3 1 0
github.com/MohamedElashri/snipo/internal/testutil/testutil.go:35.2,35.11 1 0
github.com/MohamedElashri/snipo/internal/testutil/testutil.go:39.42,168.2 3 0
github.com/MohamedElashri/snipo/internal/testutil/testutil.go:171.32,173.2 1 0
github.com/MohamedElashri/snipo/internal/testutil/testutil.go:176.36,178.2 1 0
github.com/MohamedElashri/snipo/internal/validation/validation.go:21.43,22.18 1 2
github.com/MohamedElashri/snipo/internal/validation/validation.go:22.18,24.3 1 1
github.com/MohamedElashri/snipo/internal/validation/validation.go:25.2,26.23 2 1
github.com/MohamedElashri/snipo/internal/validation/validation.go:26.23,28.3 1 2
github.com/MohamedElashri/snipo/internal/validation/validation.go:29.2,29.33 1 1
github.com/MohamedElashri/snipo/internal/validation/validation.go:33.45,35.2 1 30
github.com/MohamedElashri/snipo/internal/validation/validation.go:53.72,58.23 3 32
github.com/MohamedElashri/snipo/internal/validation/validation.go:58.23,60.3 1 1
github.com/MohamedElashri/snipo/internal/validation/validation.go:60.8,60.54 1 31
github.com/MohamedElashri/snipo/internal/validation/validation.go:60.54,62.3 1 1
github.com/MohamedElashri/snipo/internal/validation/validation.go:65.2,66.57 2 32
github.com/MohamedElashri/snipo/internal/validation/validation.go:66.57,68.3 1 1
github.com/MohamedElashri/snipo/internal/validation/validation.go:68.8,68.43 1 31
github.com/MohamedElashri/snipo/internal/validation/validation.go:68.43,70.3 1 0
github.com/MohamedElashri/snipo/internal/validation/validation.go:73.2,73.35 1 32
github.com/MohamedElashri/snipo/internal/validation/validation.go:73.35,74.45 1 4
github.com/MohamedElashri/snipo/internal/validation/validation.go:74.45,76.4 1 1
github.com/MohamedElashri/snipo/internal/validation/validation.go:77.3,77.36 1 4
github.com/MohamedElashri/snipo/internal/validation/validation.go:77.36,79.4 1 0
github.com/MohamedElashri/snipo/internal/validation/validation.go:81.3,82.17 2 4
github.com/MohamedElashri/snipo/internal/validation/validation.go:82.17,84.4 1 1
github.com/MohamedElashri/snipo/internal/validation/validation.go:84.9,84.37 1 3
github.com/MohamedElashri/snipo/internal/validation/validation.go:84.37,86.4 1 1
github.com/MohamedElashri/snipo/internal/validation/validation.go:90.2,91.26 2 32
github.com/MohamedElashri/snipo/internal/validation/validation.go:91.26,93.3 1 1
github.com/MohamedElashri/snipo/internal/validation/validation.go:93.8,93.46 1 31
github.com/MohamedElashri/snipo/internal/validation/validation.go:93.46,95.3 1 1
github.com/MohamedElashri/snipo/internal/validation/validation.go:98.2,99.53 2 32
github.com/MohamedElashri/snipo/internal/validation/validation.go:99.53,101.3 1 1
github.com/MohamedElashri/snipo/internal/validation/validation.go:104.2,104.33 1 32
github.com/MohamedElashri/snipo/internal/validation/validation.go:104.33,107.16 3 8
github.com/MohamedElashri/snipo/internal/validation/validation.go:107.16,108.12 1 0
github.com/MohamedElashri/snipo/internal/validation/validation.go:110.3,110.20 1 8
github.com/MohamedElashri/snipo/internal/validation/validation.go:110.20,112.4 1 1
github.com/MohamedElashri/snipo/internal/validation/validation.go:112.9,112.40 1 7
github.com/MohamedElashri/snipo/internal/validation/validation.go:112.40,114.4 1 1
github.com/MohamedElashri/snipo/internal/validation/validation.go:117.2,117.13 1 32
github.com/MohamedElashri/snipo/internal/validation/validation.go:121.37,123.37 2 1
github.com/MohamedElashri/snipo/internal/validation/validation.go:123.37,125.3 1 40
github.com/MohamedElashri/snipo/internal/validation/validation.go:126.2,126.18 1 1
github.com/MohamedElashri/snipo/internal/services/backup_service.go:51.18,60.2 1 0
github.com/MohamedElashri/snipo/internal/services/backup_service.go:63.104,74.16 3 0
github.com/MohamedElashri/snipo/internal/services/backup_service.go:74.16,76.3 1 0
github.com/MohamedElashri/snipo/internal/services/backup_service.go:79.2,79.37 1 0
github.com/MohamedElashri/snipo/internal/services/backup_service.go:79.37,81.17 2 0
github.com/MohamedElashri/snipo/internal/services/backup_service.go:81.17,83.12 2 0
github.com/MohamedElashri/snipo/internal/services/backup_service.go:85.3,85.50 1 0
github.com/MohamedElashri/snipo/internal/services/backup_service.go:89.2,89.22 1 0
github.com/MohamedElashri/snipo/internal/services/backup_service.go:89.22,91.17 2 0
github.com/MohamedElashri/snipo/internal/services/backup_service.go:91.17,93.4 1 0
github.com/MohamedElashri/snipo/internal/services/backup_service.go:93.9,95.4 1 0
github.com/MohamedElashri/snipo/internal/services/backup_service.go:99.2,99.25 1 0
github.com/MohamedElashri/snipo/internal/services/backup_service.go:99.25,101.17 2 0
github.com/MohamedElashri/snipo/internal/services/backup_service.go:101.17,103.4 1 0
github.com/MohamedElashri/snipo/internal/services/backup_service.go:103.9,105.4 1 0
github.com/MohamedElashri/snipo/internal/services/backup_service.go:108.2,111.26 3 0
github.com/MohamedElashri/snipo/internal/services/backup_service.go:111.26,113.17 2 0
github.com/MohamedElashri/snipo/internal/services/backup_service.go:113.17,115.4 1 0
github.com/MohamedElashri/snipo/internal/services/backup_service.go:116.3,116.88 1 0
github.com/MohamedElashri/snipo/internal/services/backup_service.go:117.8,120.17 2 0
github.com/MohamedElashri/snipo/internal/services/backup_service.go:120.17,122.4 1 0
github.com/MohamedElashri/snipo/internal/services/backup_service.go:123.3,123.89 1 0
github.com/MohamedElashri/snipo/internal/services/backup_service.go:127.2,127.25 1 0
github.com/MohamedElashri/snipo/internal/services/backup_service.go:127.25,129.17 2 0
github.com/MohamedElashri/snipo/internal/services/backup_service.go:129.17,131.4 1 0
github.com/MohamedElashri/snipo/internal/services/backup_service.go:132.3,132.31 1 0
github.com/MohamedElashri/snipo/internal/services/backup_service.go:135.2,143.31 2 0
github.com/MohamedElashri/snipo/internal/services/backup_service.go:147.126,150.25 2 0
github.com/MohamedElashri/snipo/internal/services/backup_service.go:150.25,152.17 2 0
github.com/MohamedElashri/snipo/internal/services/backup_service.go:152.17,154.4 1 0
github.com/MohamedElashri/snipo/internal/services/backup_service.go:157.2,160.55 2 0
github.com/MohamedElashri/snipo/internal/services/backup_service.go:160.55,163.20 2 0
github.com/MohamedElashri/snipo/internal/services/backup_service.go:163.20,165.4 1 0
github.com/MohamedElashri/snipo/internal/services/backup_service.go:167.3,167.29 1 0
github.com/MohamedElashri/snipo/internal/services/backup_service.go:167.29,168.33 1 0
github.com/MohamedElashri/snipo/internal/services/backup_service.go:168.33,170.19 2 0
github.com/MohamedElashri/snipo/internal/services/backup_service.go:170.19,172.6 1 0
github.com/MohamedElashri/snipo/internal/services/backup_service.go:173.5,173.61 1 0
github.com/MohamedElashri/snipo/internal/services/backup_service.go:173.61,176.6 2 0
github.com/MohamedElashri/snipo/internal/services/backup_service.go:177.5,178.10 2 0
github.com/MohamedElashri/snipo/internal/services/backup_service.go:182.3,182.25 1 0
github.com/MohamedElashri/snipo/internal/services/backup_service.go:182.25,184.4 1 0
github.com/MohamedElashri/snipo/internal/services/backup_service.go:187.2,190.32 2 0
github.com/MohamedElashri/snipo/internal/services/backup_service.go:190.32,191.45 1 0
github.com/MohamedElashri/snipo/internal/services/backup_service.go:191.45,193.4 1 0
github.com/MohamedElashri/snipo/internal/services/backup_service.go:197.2,199.30 3 0
github.com/MohamedElashri/snipo/internal/services/backup_service.go:199.30,201.3 1 0
github.com/MohamedElashri/snipo/internal/services/backup_service.go:203.2,205.33 3 0
github.com/MohamedElashri/snipo/internal/services/backup_service.go:205.33,207.3 1 0
github.com/MohamedElashri/snipo/internal/services/backup_service.go:209.2,211.29 3 0
github.com/MohamedElashri/snipo/internal/services/backup_service.go:211.29,212.40 1 0
github.com/MohamedElashri/snipo/internal/services/backup_service.go:212.40,214.4 1 0
github.com/MohamedElashri/snipo/internal/services/backup_service.go:218.2,219.32 2 0
github.com/MohamedElashri/snipo/internal/services/backup_service.go:219.32,222.66 2 0
github.com/MohamedElashri/snipo/internal/services/backup_service.go:222.66,225.4 1 0
github.com/MohamedElashri/snipo/internal/services/backup_service.go:225.9,231.18 2 0
github.com/MohamedElashri/snipo/internal/services/backup_service.go:231.18,235.5 3 0
github.com/MohamedElashri/snipo/internal/services/backup_service.go:235.10,237.5 1 0
github.com/MohamedElashri/snipo/internal/services/backup_service.go:242.2,244.38 2 0
github.com/MohamedElashri/snipo/internal/services/backup_service.go:244.38,247.75 2 0
github.com/MohamedElashri/snipo/internal/services/backup_service.go:247.75,250.4 1 0
github.com/MohamedElashri/snipo/internal/services/backup_service.go:250.9,257.18 3 0
github.com/MohamedElashri/snipo/internal/services/backup_service.go:257.18,261.5 3 0
github.com/MohamedElashri/snipo/internal/services/backup_service.go:261.10,263.5 1 0
github.com/MohamedElashri/snipo/internal/services/backup_service.go:268.2,268.38 1 0
github.com/MohamedElashri/snipo/internal/services/backup_service.go:268.38,269.29 1 0
github.com/MohamedElashri/snipo/internal/services/backup_service.go:269.29,271.66 1 0
github.com/MohamedElashri/snipo/internal/services/backup_service.go:271.66,272.46 1 0
github.com/MohamedElashri/snipo/internal/services/backup_service.go:272.46,273.60 1 0
github.com/MohamedElashri/snipo/internal/services/backup_service.go:273.60,275.7 1 0
github.com/MohamedElashri/snipo/internal/services/backup_service.go:282.2,282.40 1 0
github.com/MohamedElashri/snipo/internal/services/backup_service.go:282.40,284.66 1 0
github.com/MohamedElashri/snipo/internal/services/backup_service.go:284.66,286.59 1 0
github.com/MohamedElashri/snipo/internal/services/backup_service.go:286.59,287.13 1 0
github.com/MohamedElashri/snipo/internal/services/backup_service.go:292.3,301.36 2 0
github.com/MohamedElashri/snipo/internal/services/backup_service.go:301.36,303.4 1 0
github.com/MohamedElashri/snipo/internal/services/backup_service.go:306.3,306.31 1 0
github.com/MohamedElashri/snipo/internal/services/backup_service.go:306.31,307.63 1 0
github.com/MohamedElashri/snipo/internal/services/backup_service.go:307.63,309.5 1 0
github.com/MohamedElashri/snipo/internal/services/backup_service.go:313.3,313.38 1 0
github.com/MohamedElashri/snipo/internal/services/backup_service.go:313.38,319.4 1 0
github.com/MohamedElashri/snipo/internal/services/backup_service.go:321.3,322.17 2 0
github.com/MohamedElashri/snipo/internal/services/backup_service.go:322.17,326.4 2 0
github.com/MohamedElashri/snipo/internal/services/backup_service.go:326.9,328.4 1 0
github.com/MohamedElashri/snipo/internal/services/backup_service.go:331.2,338.20 2 0
github.com/MohamedElashri/snipo/internal/services/backup_service.go:342.81,347.34 3 0
github.com/MohamedElashri/snipo/internal/services/backup_service.go:347.34,349.23 1 0
github.com/MohamedElashri/snipo/internal/services/backup_service.go:349.23,350.30 1 0
github.com/MohamedElashri/snipo/internal/services/backup_service.go:350.30,353.19 3 0
github.com/MohamedElashri/snipo/internal/services/backup_service.go:353.19,355.6 1 0
github.com/MohamedElashri/snipo/internal/services/backup_service.go:356.5,356.31 1 0
github.com/MohamedElashri/snipo/internal/services/backup_service.go:358.9,363.18 4 0
github.com/MohamedElashri/snipo/internal/services/backup_service.go:363.18,365.5 1 0
github.com/MohamedElashri/snipo/internal/services/backup_service.go:366.4,366.30 1 0
github.com/MohamedElashri/snipo/internal/services/backup_service.go:371.2,372.16 2 0
github.com/MohamedElashri/snipo/internal/services/backup_service.go:372.16,374.3 1 0
github.com/MohamedElashri/snipo/internal/services/backup_service.go:375.2,375.60 1 0
github.com/MohamedElashri/snipo/internal/services/backup_service.go:375.60,377.3 1 0
github.com/MohamedElashri/snipo/internal/services/backup_service.go:379.2,379.35 1 0
github.com/MohamedElashri/snipo/internal/services/backup_service.go:379.35,381.3 1 0
github.com/MohamedElashri/snipo/internal/services/backup_service.go:383.2,383.25 1 0
github.com/MohamedElashri/snipo/internal/services/backup_service.go:387.65,397.28 2 0
github.com/MohamedElashri/snipo/internal/services/backup_service.go:397.28,398.53 1 0
github.com/MohamedElashri/snipo/internal/services/backup_service.go:398.53,400.4 1 0
github.com/MohamedElashri/snipo/internal/services/backup_service.go:403.2,403.12 1 0
github.com/MohamedElashri/snipo/internal/services/backup_service.go:407.43,411.28 3 0
github.com/MohamedElashri/snipo/internal/services/backup_service.go:411.28,413.3 1 0
github.com/MohamedElashri/snipo/internal/services/backup_service.go:415.2,415.22 1 0
github.com/MohamedElashri/snipo/internal/services/backup_service.go:415.22,417.3 1 0
github.com/MohamedElashri/snipo/internal/services/backup_service.go:418.2,418.15 1 0
github.com/MohamedElashri/snipo/internal/services/backup_service.go:422.39,456.37 2 0
github.com/MohamedElashri/snipo/internal/services/backup_service.go:456.37,458.3 1 0
github.com/MohamedElashri/snipo/internal/services/backup_service.go:459.2,459.14 1 0
github.com/MohamedElashri/snipo/internal/services/backup_service.go:463.40,466.2 2 0
github.com/MohamedElashri/snipo/internal/services/backup_service.go:469.60,473.16 3 0
github.com/MohamedElashri/snipo/internal/services/backup_service.go:473.16,475.3 1 0
github.com/MohamedElashri/snipo/internal/services/backup_service.go:477.2,478.16 2 0
github.com/MohamedElashri/snipo/internal/services/backup_service.go:478.16,480.3 1 0
github.com/MohamedElashri/snipo/internal/services/backup_service.go:482.2,483.44 2 0
github.com/MohamedElashri/snipo/internal/services/backup_service.go:483.44,485.3 1 0
github.com/MohamedElashri/snipo/internal/services/backup_service.go:487.2,487.47 1 0
github.com/MohamedElashri/snipo/internal/services/backup_service.go:491.60,495.16 3 0
github.com/MohamedElashri/snipo/internal/services/backup_service.go:495.16,497.3 1 0
github.com/MohamedElashri/snipo/internal/services/backup_service.go:499.2,500.16 2 0
github.com/MohamedElashri/snipo/internal/services/backup_service.go:500.16,502.3 1 0
github.com/MohamedElashri/snipo/internal/services/backup_service.go:504.2,505.27 2 0
github.com/MohamedElashri/snipo/internal/services/backup_service.go:505.27,507.3 1 0
github.com/MohamedElashri/snipo/internal/services/backup_service.go:509.2,510.46 2 0
github.com/MohamedElashri/snipo/internal/services/backup_service.go:514.62,517.21 3 0
github.com/MohamedElashri/snipo/internal/services/backup_service.go:517.21,519.3 1 0
github.com/MohamedElashri/snipo/internal/services/backup_service.go:520.2,521.15 2 0
github.com/MohamedElashri/snipo/internal/services/backup_service.go:521.15,523.3 1 0
github.com/MohamedElashri/snipo/internal/services/backup_service.go:524.2,524.17 1 0
github.com/MohamedElashri/snipo/internal/services/backup_service.go:528.57,531.55 2 0
github.com/MohamedElashri/snipo/internal/services/backup_service.go:531.55,532.25 1 0
github.com/MohamedElashri/snipo/internal/services/backup_service.go:532.25,534.4 1 0
github.com/MohamedElashri/snipo/internal/services/backup_service.go:538.2,538.64 1 0
github.com/MohamedElashri/snipo/internal/services/backup_service.go:538.64,540.3 1 0
github.com/MohamedElashri/snipo/internal/services/backup_service.go:543.2,543.23 1 0
github.com/MohamedElashri/snipo/internal/services/backup_service.go:543.23,545.3 1 0
github.com/MohamedElashri/snipo/internal/services/backup_service.go:547.2,547.35 1 0
github.com/MohamedElashri/snipo/internal/services/s3_sync_service.go:22.113,28.2 1 0
github.com/MohamedElashri/snipo/internal/services/s3_sync_service.go:31.112,38.16 3 0
github.com/MohamedElashri/snipo/internal/services/s3_sync_service.go:38.16,40.3 1 0
github.com/MohamedElashri/snipo/internal/services/s3_sync_service.go:43.2,44.84 2 0
github.com/MohamedElashri/snipo/internal/services/s3_sync_service.go:44.84,46.3 1 0
github.com/MohamedElashri/snipo/internal/services/s3_sync_service.go:47.2,47.41 1 0
github.com/MohamedElashri/snipo/internal/services/s3_sync_service.go:47.41,49.3 1 0
github.com/MohamedElashri/snipo/internal/services/s3_sync_service.go:52.2,53.73 2 0
github.com/MohamedElashri/snipo/internal/services/s3_sync_service.go:53.73,57.3 3 0
github.com/MohamedElashri/snipo/internal/services/s3_sync_service.go:59.2,68.20 4 0
github.com/MohamedElashri/snipo/internal/services/s3_sync_service.go:72.89,74.16 2 0
github.com/MohamedElashri/snipo/internal/services/s3_sync_service.go:74.16,76.3 1 0
github.com/MohamedElashri/snipo/internal/services/s3_sync_service.go:78.2,79.30 2 0
github.com/MohamedElashri/snipo/internal/services/s3_sync_service.go:79.30,85.3 1 0
github.com/MohamedElashri/snipo/internal/services/s3_sync_service.go:87.2,87.21 1 0
github.com/MohamedElashri/snipo/internal/services/s3_sync_service.go:91.132,98.16 3 0
github.com/MohamedElashri/snipo/internal/services/s3_sync_service.go:98.16,102.3 3 0
github.com/MohamedElashri/snipo/internal/services/s3_sync_service.go:105.2,106.16 2 0
github.com/MohamedElashri/snipo/internal/services/s3_sync_service.go:106.16,110.3 3 0
github.com/MohamedElashri/snipo/internal/services/s3_sync_service.go:112.2,124.20 5 0
[...]
github.com/MohamedElashri/snipo/internal/services/snippet_service.go:130.22,133.3 2 0
github.com/MohamedElashri/snipo/internal/services/snippet_service.go:136.2,136.25 1 0
github.com/MohamedElashri/snipo/internal/services/snippet_service.go:136.25,139.3 2 0
github.com/MohamedElashri/snipo/internal/services/snippet_service.go:142.2,142.23 1 0
github.com/MohamedElashri/snipo/internal/services/snippet_service.go:142.23,145.3 2 0
github.com/MohamedElashri/snipo/internal/services/snippet_service.go:147.2,147.21 1 0
github.com/MohamedElashri/snipo/internal/services/snippet_service.go:151.97,153.16 2 0
github.com/MohamedElashri/snipo/internal/services/snippet_service.go:153.16,155.3 1 0
github.com/MohamedElashri/snipo/internal/services/snippet_service.go:157.2,157.41 1 0
github.com/MohamedElashri/snipo/internal/services/snippet_service.go:157.41,159.3 1 0
github.com/MohamedElashri/snipo/internal/services/snippet_service.go:162.2,162.12 1 0
github.com/MohamedElashri/snipo/internal/services/snippet_service.go:162.12,163.77 1 0
github.com/MohamedElashri/snipo/internal/services/snippet_service.go:163.77,165.4 1 0
github.com/MohamedElashri/snipo/internal/services/snippet_service.go:169.2,169.23 1 0
github.com/MohamedElashri/snipo/internal/services/snippet_service.go:169.23,172.3 2 0
github.com/MohamedElashri/snipo/internal/services/snippet_service.go:174.2,174.21 1 0
github.com/MohamedElashri/snipo/internal/services/snippet_service.go:178.118,180.70 1 0
github.com/MohamedElashri/snipo/internal/services/snippet_service.go:180.70,182.3 1 0
github.com/MohamedElashri/snipo/internal/services/snippet_service.go:185.2,186.16 2 0
github.com/MohamedElashri/snipo/internal/services/snippet_service.go:186.16,188.3 1 0
github.com/MohamedElashri/snipo/internal/services/snippet_service.go:189.2,189.21 1 0
github.com/MohamedElashri/snipo/internal/services/snippet_service.go:189.21,191.3 1 0
github.com/MohamedElashri/snipo/internal/services/snippet_service.go:193.2,194.16 2 0
github.com/MohamedElashri/snipo/internal/services/snippet_service.go:194.16,197.3 2 0
github.com/MohamedElashri/snipo/internal/services/snippet_service.go:200.2,200.43 1 0
github.com/MohamedElashri/snipo/internal/services/snippet_service.go:200.43,201.71 1 0
github.com/MohamedElashri/snipo/internal/services/snippet_service.go:201.71,203.4 1 0
github.com/MohamedElashri/snipo/internal/services/snippet_service.go:204.3,205.22 2 0
github.com/MohamedElashri/snipo/internal/services/snippet_service.go:209.2,209.25 1 0
github.com/MohamedElashri/snipo/internal/services/snippet_service.go:209.25,210.80 1 0
github.com/MohamedElashri/snipo/internal/services/snippet_service.go:210.80,212.4 1 0
github.com/MohamedElashri/snipo/internal/services/snippet_service.go:213.3,214.28 2 0
github.com/MohamedElashri/snipo/internal/services/snippet_service.go:218.2,218.45 1 0
github.com/MohamedElashri/snipo/internal/services/snippet_service.go:218.45,221.40 2 0
github.com/MohamedElashri/snipo/internal/services/snippet_service.go:221.40,223.4 1 0
github.com/MohamedElashri/snipo/internal/services/snippet_service.go:224.3,225.17 2 0
github.com/MohamedElashri/snipo/internal/services/snippet_service.go:225.17,227.4 1 0
github.com/MohamedElashri/snipo/internal/services/snippet_service.go:227.9,229.4 1 0
github.com/MohamedElashri/snipo/internal/services/snippet_service.go:232.2,233.21 2 0
github.com/MohamedElashri/snipo/internal/services/snippet_service.go:237.71,239.16 2 0
github.com/MohamedElashri/snipo/internal/services/snippet_service.go:239.16,240.36 1 0
github.com/MohamedElashri/snipo/internal/services/snippet_service.go:240.36,242.4 1 0
github.com/MohamedElashri/snipo/internal/services/snippet_service.go:243.3,244.13 2 0
github.com/MohamedElashri/snipo/internal/services/snippet_service.go:247.2,248.12 2 0
github.com/MohamedElashri/snipo/internal/services/snippet_service.go:252.118,254.22 1 0
github.com/MohamedElashri/snipo/internal/services/snippet_service.go:254.22,256.3 1 0
github.com/MohamedElashri/snipo/internal/services/snippet_service.go:257.2,257.23 1 0
github.com/MohamedElashri/snipo/internal/services/snippet_service.go:257.23,259.3 1 0
github.com/MohamedElashri/snipo/internal/services/snippet_service.go:260.2,260.24 1 0
github.com/MohamedElashri/snipo/internal/services/snippet_service.go:260.24,262.3 1 0
github.com/MohamedElashri/snipo/internal/services/snippet_service.go:263.2,263.25 1 0
github.com/MohamedElashri/snipo/internal/services/snippet_service.go:263.25,265.3 1 0
github.com/MohamedElashri/snipo/internal/services/snippet_service.go:266.2,266.28 1 0
github.com/MohamedElashri/snipo/internal/services/snippet_service.go:266.28,268.3 1 0
github.com/MohamedElashri/snipo/internal/services/snippet_service.go:270.2,270.33 1 0
github.com/MohamedElashri/snipo/internal/services/snippet_service.go:274.98,276.16 2 0
github.com/MohamedElashri/snipo/internal/services/snippet_service.go:276.16,279.3 2 0
github.com/MohamedElashri/snipo/internal/services/snippet_service.go:281.2,281.20 1 0
github.com/MohamedElashri/snipo/internal/services/snippet_service.go:281.20,283.3 1 0
github.com/MohamedElashri/snipo/internal/services/snippet_service.go:285.2,286.21 2 0
github.com/MohamedElashri/snipo/internal/services/snippet_service.go:290.105,291.17 1 0
github.com/MohamedElashri/snipo/internal/services/snippet_service.go:291.17,293.3 1 0
github.com/MohamedElashri/snipo/internal/services/snippet_service.go:295.2,296.16 2 0
github.com/MohamedElashri/snipo/internal/services/snippet_service.go:296.16,299.3 2 0
github.com/MohamedElashri/snipo/internal/services/snippet_service.go:301.2,301.22 1 0
github.com/MohamedElashri/snipo/internal/services/snippet_service.go:305.93,307.16 2 0
github.com/MohamedElashri/snipo/internal/services/snippet_service.go:307.16,309.3 1 0
github.com/MohamedElashri/snipo/internal/services/snippet_service.go:310.2,310.21 1 0
github.com/MohamedElashri/snipo/internal/services/snippet_service.go:310.21,312.3 1 0
github.com/MohamedElashri/snipo/internal/services/snippet_service.go:314.2,322.34 2 0
github.com/MohamedElashri/snipo/internal/api/middleware/middleware.go:25.54,26.71 1 0
github.com/MohamedElashri/snipo/internal/api/middleware/middleware.go:26.71,55.3 8 0
github.com/MohamedElashri/snipo/internal/api/middleware/middleware.go:59.66,60.46 1 0
github.com/MohamedElashri/snipo/internal/api/middleware/middleware.go:60.46,61.72 1 0
github.com/MohamedElashri/snipo/internal/api/middleware/middleware.go:61.72,78.4 5 0
github.com/MohamedElashri/snipo/internal/api/middleware/middleware.go:88.49,91.2 2 0
github.com/MohamedElashri/snipo/internal/api/middleware/middleware.go:94.68,95.46 1 0
github.com/MohamedElashri/snipo/internal/api/middleware/middleware.go:95.46,96.72 1 0
github.com/MohamedElashri/snipo/internal/api/middleware/middleware.go:96.72,97.17 1 0
github.com/MohamedElashri/snipo/internal/api/middleware/middleware.go:97.17,98.37 1 0
github.com/MohamedElashri/snipo/internal/api/middleware/middleware.go:98.37,105.6 2 0
github.com/MohamedElashri/snipo/internal/api/middleware/middleware.go:107.4,107.24 1 0
github.com/MohamedElashri/snipo/internal/api/middleware/middleware.go:113.77,115.2 1 0
github.com/MohamedElashri/snipo/internal/api/middleware/middleware.go:118.129,119.46 1 0
github.com/MohamedElashri/snipo/internal/api/middleware/middleware.go:119.46,120.72 1 0
github.com/MohamedElashri/snipo/internal/api/middleware/middleware.go:120.72,122.24 1 0
github.com/MohamedElashri/snipo/internal/api/middleware/middleware.go:122.24,125.49 2 0
github.com/MohamedElashri/snipo/internal/api/middleware/middleware.go:125.49,128.39 3 0
github.com/MohamedElashri/snipo/internal/api/middleware/middleware.go:128.39,133.7 3 0
github.com/MohamedElashri/snipo/internal/api/middleware/middleware.go:137.5,138.21 2 0
github.com/MohamedElashri/snipo/internal/api/middleware/middleware.go:138.21,140.39 2 0
github.com/MohamedElashri/snipo/internal/api/middleware/middleware.go:140.39,145.7 3 0
github.com/MohamedElashri/snipo/internal/api/middleware/middleware.go:150.4,151.71 2 0
github.com/MohamedElashri/snipo/internal/api/middleware/middleware.go:151.71,154.5 2 0
github.com/MohamedElashri/snipo/internal/api/middleware/middleware.go:157.4,157.46 1 0
github.com/MohamedElashri/snipo/internal/api/middleware/middleware.go:157.46,159.5 1 0
github.com/MohamedElashri/snipo/internal/api/middleware/middleware.go:159.10,161.5 1 0
github.com/MohamedElashri/snipo/internal/api/middleware/middleware.go:175.67,186.2 3 0
github.com/MohamedElashri/snipo/internal/api/middleware/middleware.go:189.67,190.71 1 0
github.com/MohamedElashri/snipo/internal/api/middleware/middleware.go:190.71,198.37 5 0
github.com/MohamedElashri/snipo/internal/api/middleware/middleware.go:198.37,199.30 1 0
github.com/MohamedElashri/snipo/internal/api/middleware/middleware.go:199.30,201.5 1 0
github.com/MohamedElashri/snipo/internal/api/middleware/middleware.go:204.3,204.30 1 0
github.com/MohamedElashri/snipo/internal/api/middleware/middleware.go:204.30,209.4 4 0
github.com/MohamedElashri/snipo/internal/api/middleware/middleware.go:211.3,214.23 3 0
github.com/MohamedElashri/snipo/internal/api/middleware/middleware.go:219.34,221.21 2 0
github.com/MohamedElashri/snipo/internal/api/middleware/middleware.go:221.21,224.38 3 0
github.com/MohamedElashri/snipo/internal/api/middleware/middleware.go:224.38,226.28 2 0
github.com/MohamedElashri/snipo/internal/api/middleware/middleware.go:226.28,227.31 1 0
github.com/MohamedElashri/snipo/internal/api/middleware/middleware.go:227.31,229.6 1 0
github.com/MohamedElashri/snipo/internal/api/middleware/middleware.go:231.4,231.24 1 0
github.com/MohamedElashri/snipo/internal/api/middleware/middleware.go:231.24,233.5 1 0
github.com/MohamedElashri/snipo/internal/api/middleware/middleware.go:233.10,235.5 1 0
github.com/MohamedElashri/snipo/internal/api/middleware/middleware.go:237.3,237.17 1 0
github.com/MohamedElashri/snipo/internal/api/middleware/middleware.go:242.42,244.55 1 0
github.com/MohamedElashri/snipo/internal/api/middleware/middleware.go:244.55,246.19 2 0
github.com/MohamedElashri/snipo/internal/api/middleware/middleware.go:246.19,248.4 1 0
github.com/MohamedElashri/snipo/internal/api/middleware/middleware.go:252.2,252.49 1 0
github.com/MohamedElashri/snipo/internal/api/middleware/middleware.go:252.49,254.3 1 0
github.com/MohamedElashri/snipo/internal/api/middleware/middleware.go:257.2,258.50 2 0
github.com/MohamedElashri/snipo/internal/api/middleware/middleware.go:258.50,260.3 1 0
github.com/MohamedElashri/snipo/internal/api/middleware/middleware.go:261.2,261.11 1 0
github.com/MohamedElashri/snipo/internal/api/middleware/middleware.go:265.43,266.71 1 0
github.com/MohamedElashri/snipo/internal/api/middleware/middleware.go:266.71,272.28 5 0
github.com/MohamedElashri/snipo/internal/api/middleware/middleware.go:272.28,275.4 2 0
github.com/MohamedElashri/snipo/internal/api/middleware/middleware.go:277.3,277.23 1 0
github.com/MohamedElashri/snipo/internal/auth/auth.go:52.128,60.2 1 0
github.com/MohamedElashri/snipo/internal/auth/auth.go:63.56,65.2 1 0
github.com/MohamedElashri/snipo/internal/auth/auth.go:69.60,73.2 3 0
github.com/MohamedElashri/snipo/internal/auth/auth.go:76.51,79.49 2 0
github.com/MohamedElashri/snipo/internal/auth/auth.go:79.49,81.3 1 0
github.com/MohamedElashri/snipo/internal/auth/auth.go:82.2,89.46 4 0
github.com/MohamedElashri/snipo/internal/auth/auth.go:89.46,91.3 1 0
github.com/MohamedElashri/snipo/internal/auth/auth.go:92.2,102.16 4 0
github.com/MohamedElashri/snipo/internal/auth/auth.go:102.16,104.3 1 0
github.com/MohamedElashri/snipo/internal/auth/auth.go:106.2,107.19 2 0
github.com/MohamedElashri/snipo/internal/auth/auth.go:111.54,112.17 1 0
github.com/MohamedElashri/snipo/internal/auth/auth.go:112.17,114.3 1 0
github.com/MohamedElashri/snipo/internal/auth/auth.go:116.2,124.16 4 0
github.com/MohamedElashri/snipo/internal/auth/auth.go:124.16,126.3 1 0
github.com/MohamedElashri/snipo/internal/auth/auth.go:128.2,128.33 1 0
github.com/MohamedElashri/snipo/internal/auth/auth.go:128.33,132.3 2 0
github.com/MohamedElashri/snipo/internal/auth/auth.go:134.2,134.13 1 0
github.com/MohamedElashri/snipo/internal/auth/auth.go:138.57,142.2 3 0
github.com/MohamedElashri/snipo/internal/auth/auth.go:145.50,147.16 2 0
github.com/MohamedElashri/snipo/internal/auth/auth.go:147.16,149.3 1 0
github.com/MohamedElashri/snipo/internal/auth/auth.go:151.2,152.14 2 0
github.com/MohamedElashri/snipo/internal/auth/auth.go:152.14,154.3 1 0
github.com/MohamedElashri/snipo/internal/auth/auth.go:155.2,155.12 1 0
github.com/MohamedElashri/snipo/internal/auth/auth.go:159.73,169.2 1 0
github.com/MohamedElashri/snipo/internal/auth/auth.go:172.61,182.2 1 0
github.com/MohamedElashri/snipo/internal/auth/auth.go:185.52,188.38 2 0
github.com/MohamedElashri/snipo/internal/auth/auth.go:188.38,190.3 1 0
github.com/MohamedElashri/snipo/internal/auth/auth.go:193.2,194.46 2 0
github.com/MohamedElashri/snipo/internal/auth/auth.go:194.46,196.3 1 0
github.com/MohamedElashri/snipo/internal/auth/auth.go:199.2,200.18 2 0
github.com/MohamedElashri/snipo/internal/auth/auth.go:200.18,202.3 1 0
github.com/MohamedElashri/snipo/internal/auth/auth.go:204.2,204.11 1 0
github.com/MohamedElashri/snipo/internal/auth/auth.go:208.37,211.2 2 0
github.com/MohamedElashri/snipo/internal/auth/auth.go:214.52,216.43 2 0
github.com/MohamedElashri/snipo/internal/auth/auth.go:216.43,218.3 1 0
github.com/MohamedElashri/snipo/internal/auth/auth.go:220.2,226.8 2 0
github.com/MohamedElashri/snipo/internal/auth/auth.go:230.60,232.47 2 0
github.com/MohamedElashri/snipo/internal/auth/auth.go:232.47,234.3 1 0
github.com/MohamedElashri/snipo/internal/auth/auth.go:236.2,237.16 2 0
github.com/MohamedElashri/snipo/internal/auth/auth.go:237.16,239.3 1 0
github.com/MohamedElashri/snipo/internal/auth/auth.go:241.2,242.16 2 0
github.com/MohamedElashri/snipo/internal/auth/auth.go:242.16,244.3 1 0
github.com/MohamedElashri/snipo/internal/auth/auth.go:246.2,248.60 2 0
github.com/MohamedElashri/snipo/internal/auth/auth.go:252.41,254.44 2 0
github.com/MohamedElashri/snipo/internal/auth/auth.go:254.44,256.3 1 0
github.com/MohamedElashri/snipo/internal/auth/auth.go:257.2,257.54 1 0
github.com/MohamedElashri/snipo/internal/models/snippet.go:75.43,82.2 1 0
github.com/MohamedElashri/snipo/internal/config/config.go:67.30,87.35 14 0
github.com/MohamedElashri/snipo/internal/config/config.go:87.35,89.3 1 0
github.com/MohamedElashri/snipo/internal/config/config.go:91.2,92.25 2 0
github.com/MohamedElashri/snipo/internal/config/config.go:92.25,94.17 2 0
github.com/MohamedElashri/snipo/internal/config/config.go:94.17,96.4 1 0
github.com/MohamedElashri/snipo/internal/config/config.go:97.3,97.25 1 0
github.com/MohamedElashri/snipo/internal/config/config.go:99.2,117.17 14 0
github.com/MohamedElashri/snipo/internal/config/config.go:121.38,123.2 1 0
github.com/MohamedElashri/snipo/internal/config/config.go:127.44,128.38 1 0
github.com/MohamedElashri/snipo/internal/config/config.go:128.38,130.3 1 0
github.com/MohamedElashri/snipo/internal/config/config.go:131.2,131.19 1 0
github.com/MohamedElashri/snipo/internal/config/config.go:134.48,135.38 1 0
github.com/MohamedElashri/snipo/internal/config/config.go:135.38,136.46 1 0
github.com/MohamedElashri/snipo/internal/config/config.go:136.46,138.4 1 0
github.com/MohamedElashri/snipo/internal/config/config.go:140.2,140.19 1 0
github.com/MohamedElashri/snipo/internal/config/config.go:143.51,144.38 1 0
github.com/MohamedElashri/snipo/internal/config/config.go:144.38,146.3 1 0
github.com/MohamedElashri/snipo/internal/config/config.go:147.2,147.19 1 0
github.com/MohamedElashri/snipo/internal/config/config.go:150.73,151.38 1 0
github.com/MohamedElashri/snipo/internal/config/config.go:151.38,152.52 1 0
github.com/MohamedElashri/snipo/internal/config/config.go:152.52,154.4 1 0
github.com/MohamedElashri/snipo/internal/config/config.go:156.2,156.19 1 0
github.com/MohamedElashri/snipo/internal/config/config.go:159.39,161.44 2 0
github.com/MohamedElashri/snipo/internal/config/config.go:161.44,163.3 1 0
github.com/MohamedElashri/snipo/internal/config/config.go:164.2,164.54 1 0
github.com/MohamedElashri/snipo/internal/storage/s3.go:42.53,45.17 2 0
github.com/MohamedElashri/snipo/internal/storage/s3.go:45.17,47.3 1 0
github.com/MohamedElashri/snipo/internal/storage/s3.go:48.2,51.131 2 0
github.com/MohamedElashri/snipo/internal/storage/s3.go:51.131,52.30 1 0
github.com/MohamedElashri/snipo/internal/storage/s3.go:52.30,58.4 1 0
github.com/MohamedElashri/snipo/internal/storage/s3.go:59.3,59.66 1 0
github.com/MohamedElashri/snipo/internal/storage/s3.go:63.2,72.16 2 0
github.com/MohamedElashri/snipo/internal/storage/s3.go:72.16,74.3 1 0
github.com/MohamedElashri/snipo/internal/storage/s3.go:77.2,77.57 1 0
github.com/MohamedElashri/snipo/internal/storage/s3.go:77.57,79.3 1 0
github.com/MohamedElashri/snipo/internal/storage/s3.go:82.2,86.16 3 0
github.com/MohamedElashri/snipo/internal/storage/s3.go:86.16,89.32 2 0
github.com/MohamedElashri/snipo/internal/storage/s3.go:89.32,93.24 2 0
github.com/MohamedElashri/snipo/internal/storage/s3.go:93.24,95.5 1 0
github.com/MohamedElashri/snipo/internal/storage/s3.go:96.9,98.4 1 0
github.com/MohamedElashri/snipo/internal/storage/s3.go:101.2,101.60 1 0
github.com/MohamedElashri/snipo/internal/storage/s3.go:105.103,113.2 2 0
github.com/MohamedElashri/snipo/internal/storage/s3.go:116.123,125.2 2 0
github.com/MohamedElashri/snipo/internal/storage/s3.go:128.79,133.16 2 0
github.com/MohamedElashri/snipo/internal/storage/s3.go:133.16,135.3 1 0
github.com/MohamedElashri/snipo/internal/storage/s3.go:136.2,139.16 3 0
github.com/MohamedElashri/snipo/internal/storage/s3.go:139.16,141.3 1 0
github.com/MohamedElashri/snipo/internal/storage/s3.go:143.2,143.21 1 0
github.com/MohamedElashri/snipo/internal/storage/s3.go:147.67,153.2 2 0
github.com/MohamedElashri/snipo/internal/storage/s3.go:156.84,164.31 3 0
github.com/MohamedElashri/snipo/internal/storage/s3.go:164.31,166.17 2 0
github.com/MohamedElashri/snipo/internal/storage/s3.go:166.17,168.4 1 0
github.com/MohamedElashri/snipo/internal/storage/s3.go:170.3,170.37 1 0
github.com/MohamedElashri/snipo/internal/storage/s3.go:170.37,176.4 1 0
github.com/MohamedElashri/snipo/internal/storage/s3.go:179.2,179.21 1 0
github.com/MohamedElashri/snipo/internal/storage/s3.go:183.108,189.16 3 0
github.com/MohamedElashri/snipo/internal/storage/s3.go:189.16,191.3 1 0
github.com/MohamedElashri/snipo/internal/storage/s3.go:192.2,192.25 1 0
github.com/MohamedElashri/snipo/internal/storage/s3.go:196.75,201.16 2 0
github.com/MohamedElashri/snipo/internal/storage/s3.go:201.16,203.32 2 0
github.com/MohamedElashri/snipo/internal/storage/s3.go:203.32,205.4 1 0
github.com/MohamedElashri/snipo/internal/storage/s3.go:206.3,206.20 1 0
github.com/MohamedElashri/snipo/internal/storage/s3.go:208.2,208.18 1 0
github.com/MohamedElashri/snipo/internal/storage/s3.go:212.40,214.2 1 0
github.com/MohamedElashri/snipo/internal/web/handler.go:26.62,29.16 2 0
github.com/MohamedElashri/snipo/internal/web/handler.go:29.16,31.3 1 0
github.com/MohamedElashri/snipo/internal/web/handler.go:33.2,36.8 1 0
github.com/MohamedElashri/snipo/internal/web/handler.go:40.35,43.2 2 0
github.com/MohamedElashri/snipo/internal/web/handler.go:51.65,54.58 2 0
github.com/MohamedElashri/snipo/internal/web/handler.go:54.58,57.3 2 0
github.com/MohamedElashri/snipo/internal/web/handler.go:59.2,60.48 2 0
github.com/MohamedElashri/snipo/internal/web/handler.go:64.65,67.57 2 0
github.com/MohamedElashri/snipo/internal/web/handler.go:67.57,70.3 2 0
github.com/MohamedElashri/snipo/internal/web/handler.go:72.2,73.48 2 0
github.com/MohamedElashri/snipo/internal/web/handler.go:77.73,80.2 2 0
github.com/MohamedElashri/snipo/internal/web/handler.go:83.91,89.16 2 0
github.com/MohamedElashri/snipo/internal/web/handler.go:89.16,92.3 2 0
github.com/MohamedElashri/snipo/internal/web/handler.go:94.2,95.62 2 0
github.com/MohamedElashri/snipo/internal/web/handler.go:95.62,97.3 1 0
